  [1m[36mCocktail Load (3.2ms)[0m  [1m[34mSELECT  "cocktails".* FROM "cocktails" LIMIT $1[0m  [["LIMIT", 11]]
  [1m[35m (2.1ms)[0m  [1m[34mSELECT "schema_migrations"."version" FROM "schema_migrations" ORDER BY "schema_migrations"."version" ASC[0m
  ↳ bin/rails:9
  [1m[35m (52.4ms)[0m  [1m[34mSELECT "ar_internal_metadata"."value" FROM "ar_internal_metadata" WHERE "ar_internal_metadata"."key" = $1[0m  [["key", "environment"]]
  ↳ bin/rails:9
  [1m[35m (0.4ms)[0m  [1m[34mSELECT "schema_migrations"."version" FROM "schema_migrations" ORDER BY "schema_migrations"."version" ASC[0m
  ↳ bin/rails:9
  [1m[35m (0.4ms)[0m  [1m[34mSELECT "ar_internal_metadata"."value" FROM "ar_internal_metadata" WHERE "ar_internal_metadata"."key" = $1[0m  [["key", "environment"]]
  ↳ bin/rails:9
  [1m[35m (0.4ms)[0m  [1m[34mSELECT "schema_migrations"."version" FROM "schema_migrations" ORDER BY "schema_migrations"."version" ASC[0m
  ↳ bin/rails:9
  [1m[35m (0.4ms)[0m  [1m[34mSELECT "ar_internal_metadata"."value" FROM "ar_internal_metadata" WHERE "ar_internal_metadata"."key" = $1[0m  [["key", "environment"]]
  ↳ bin/rails:9
  [1m[35m (65.4ms)[0m  [1m[35mDROP DATABASE IF EXISTS "rails-mister-cocktail_development"[0m
  ↳ bin/rails:9
  [1m[35m (73.0ms)[0m  [1m[35mDROP DATABASE IF EXISTS "rails-mister-cocktail_test"[0m
  ↳ bin/rails:9
  [1m[35m (344.7ms)[0m  [1m[35mCREATE DATABASE "rails-mister-cocktail_development" ENCODING = 'unicode'[0m
  ↳ bin/rails:9
  [1m[35m (159.3ms)[0m  [1m[35mCREATE DATABASE "rails-mister-cocktail_test" ENCODING = 'unicode'[0m
  ↳ bin/rails:9
  [1m[35mSQL (2.2ms)[0m  [1m[35mCREATE EXTENSION IF NOT EXISTS "plpgsql"[0m
  ↳ db/schema.rb:16
  [1m[35m (0.9ms)[0m  [1m[35mDROP TABLE IF EXISTS "cocktails" CASCADE[0m
  ↳ db/schema.rb:18
  [1m[35m (14.1ms)[0m  [1m[35mCREATE TABLE "cocktails" ("id" bigserial primary key, "name" character varying, "created_at" timestamp NOT NULL, "updated_at" timestamp NOT NULL, "image_url" character varying)[0m
  ↳ db/schema.rb:18
  [1m[35m (0.5ms)[0m  [1m[35mDROP TABLE IF EXISTS "doses" CASCADE[0m
  ↳ db/schema.rb:25
  [1m[35m (4.3ms)[0m  [1m[35mCREATE TABLE "doses" ("id" bigserial primary key, "description" character varying, "cocktail_id" bigint, "ingredient_id" bigint, "created_at" timestamp NOT NULL, "updated_at" timestamp NOT NULL)[0m
  ↳ db/schema.rb:25
  [1m[35m (1.6ms)[0m  [1m[35mCREATE  INDEX  "index_doses_on_cocktail_id" ON "doses"  ("cocktail_id")[0m
  ↳ db/schema.rb:25
  [1m[35m (2.7ms)[0m  [1m[35mCREATE  INDEX  "index_doses_on_ingredient_id" ON "doses"  ("ingredient_id")[0m
  ↳ db/schema.rb:25
  [1m[35m (0.3ms)[0m  [1m[35mDROP TABLE IF EXISTS "ingredients" CASCADE[0m
  ↳ db/schema.rb:35
  [1m[35m (5.2ms)[0m  [1m[35mCREATE TABLE "ingredients" ("id" bigserial primary key, "name" character varying, "created_at" timestamp NOT NULL, "updated_at" timestamp NOT NULL)[0m
  ↳ db/schema.rb:35
  [1m[35m (4.9ms)[0m  [1m[35mALTER TABLE "doses" ADD CONSTRAINT "fk_rails_48b6f209c2"
FOREIGN KEY ("cocktail_id")
  REFERENCES "cocktails" ("id")
[0m
  ↳ db/schema.rb:41
  [1m[35m (1.9ms)[0m  [1m[35mALTER TABLE "doses" ADD CONSTRAINT "fk_rails_961afcf26a"
FOREIGN KEY ("ingredient_id")
  REFERENCES "ingredients" ("id")
[0m
  ↳ db/schema.rb:42
  [1m[35m (7.8ms)[0m  [1m[35mCREATE TABLE "schema_migrations" ("version" character varying NOT NULL PRIMARY KEY)[0m
  ↳ db/schema.rb:13
  [1m[35m (0.9ms)[0m  [1m[34mSELECT "schema_migrations"."version" FROM "schema_migrations" ORDER BY "schema_migrations"."version" ASC[0m
  ↳ db/schema.rb:13
  [1m[35m (1.8ms)[0m  [1m[32mINSERT INTO "schema_migrations" (version) VALUES (20200220041829)[0m
  ↳ db/schema.rb:13
  [1m[35m (0.6ms)[0m  [1m[32mINSERT INTO "schema_migrations" (version) VALUES
(20200220002133),
(20200220002104),
(20200220002050);

[0m
  ↳ db/schema.rb:13
  [1m[35m (2.9ms)[0m  [1m[35mCREATE TABLE "ar_internal_metadata" ("key" character varying NOT NULL PRIMARY KEY, "value" character varying, "created_at" timestamp NOT NULL, "updated_at" timestamp NOT NULL)[0m
  ↳ db/schema.rb:13
  [1m[36mActiveRecord::InternalMetadata Load (0.7ms)[0m  [1m[34mSELECT  "ar_internal_metadata".* FROM "ar_internal_metadata" WHERE "ar_internal_metadata"."key" = $1 LIMIT $2[0m  [["key", "environment"], ["LIMIT", 1]]
  ↳ db/schema.rb:13
  [1m[35m (0.2ms)[0m  [1m[35mBEGIN[0m
  ↳ db/schema.rb:13
  [1m[36mActiveRecord::InternalMetadata Create (0.9ms)[0m  [1m[32mINSERT INTO "ar_internal_metadata" ("key", "value", "created_at", "updated_at") VALUES ($1, $2, $3, $4) RETURNING "key"[0m  [["key", "environment"], ["value", "development"], ["created_at", "2020-02-22 09:26:30.380387"], ["updated_at", "2020-02-22 09:26:30.380387"]]
  ↳ db/schema.rb:13
  [1m[35m (5.0ms)[0m  [1m[35mCOMMIT[0m
  ↳ db/schema.rb:13
  [1m[36mActiveRecord::InternalMetadata Load (0.6ms)[0m  [1m[34mSELECT  "ar_internal_metadata".* FROM "ar_internal_metadata" WHERE "ar_internal_metadata"."key" = $1 LIMIT $2[0m  [["key", "environment"], ["LIMIT", 1]]
  ↳ bin/rails:9
  [1m[35m (0.3ms)[0m  [1m[35mBEGIN[0m
  ↳ bin/rails:9
  [1m[35m (0.3ms)[0m  [1m[35mCOMMIT[0m
  ↳ bin/rails:9
  [1m[35mSQL (0.8ms)[0m  [1m[35mCREATE EXTENSION IF NOT EXISTS "plpgsql"[0m
  ↳ db/schema.rb:16
  [1m[35m (0.4ms)[0m  [1m[35mDROP TABLE IF EXISTS "cocktails" CASCADE[0m
  ↳ db/schema.rb:18
  [1m[35m (10.6ms)[0m  [1m[35mCREATE TABLE "cocktails" ("id" bigserial primary key, "name" character varying, "created_at" timestamp NOT NULL, "updated_at" timestamp NOT NULL, "image_url" character varying)[0m
  ↳ db/schema.rb:18
  [1m[35m (0.6ms)[0m  [1m[35mDROP TABLE IF EXISTS "doses" CASCADE[0m
  ↳ db/schema.rb:25
  [1m[35m (6.2ms)[0m  [1m[35mCREATE TABLE "doses" ("id" bigserial primary key, "description" character varying, "cocktail_id" bigint, "ingredient_id" bigint, "created_at" timestamp NOT NULL, "updated_at" timestamp NOT NULL)[0m
  ↳ db/schema.rb:25
  [1m[35m (1.9ms)[0m  [1m[35mCREATE  INDEX  "index_doses_on_cocktail_id" ON "doses"  ("cocktail_id")[0m
  ↳ db/schema.rb:25
  [1m[35m (1.9ms)[0m  [1m[35mCREATE  INDEX  "index_doses_on_ingredient_id" ON "doses"  ("ingredient_id")[0m
  ↳ db/schema.rb:25
  [1m[35m (0.3ms)[0m  [1m[35mDROP TABLE IF EXISTS "ingredients" CASCADE[0m
  ↳ db/schema.rb:35
  [1m[35m (5.8ms)[0m  [1m[35mCREATE TABLE "ingredients" ("id" bigserial primary key, "name" character varying, "created_at" timestamp NOT NULL, "updated_at" timestamp NOT NULL)[0m
  ↳ db/schema.rb:35
  [1m[35m (4.0ms)[0m  [1m[35mALTER TABLE "doses" ADD CONSTRAINT "fk_rails_48b6f209c2"
FOREIGN KEY ("cocktail_id")
  REFERENCES "cocktails" ("id")
[0m
  ↳ db/schema.rb:41
  [1m[35m (2.0ms)[0m  [1m[35mALTER TABLE "doses" ADD CONSTRAINT "fk_rails_961afcf26a"
FOREIGN KEY ("ingredient_id")
  REFERENCES "ingredients" ("id")
[0m
  ↳ db/schema.rb:42
  [1m[35m (5.1ms)[0m  [1m[35mCREATE TABLE "schema_migrations" ("version" character varying NOT NULL PRIMARY KEY)[0m
  ↳ db/schema.rb:13
  [1m[35m (1.1ms)[0m  [1m[34mSELECT "schema_migrations"."version" FROM "schema_migrations" ORDER BY "schema_migrations"."version" ASC[0m
  ↳ db/schema.rb:13
  [1m[35m (1.0ms)[0m  [1m[32mINSERT INTO "schema_migrations" (version) VALUES (20200220041829)[0m
  ↳ db/schema.rb:13
  [1m[35m (0.6ms)[0m  [1m[32mINSERT INTO "schema_migrations" (version) VALUES
(20200220002133),
(20200220002104),
(20200220002050);

[0m
  ↳ db/schema.rb:13
  [1m[35m (4.2ms)[0m  [1m[35mCREATE TABLE "ar_internal_metadata" ("key" character varying NOT NULL PRIMARY KEY, "value" character varying, "created_at" timestamp NOT NULL, "updated_at" timestamp NOT NULL)[0m
  ↳ db/schema.rb:13
  [1m[36mActiveRecord::InternalMetadata Load (0.8ms)[0m  [1m[34mSELECT  "ar_internal_metadata".* FROM "ar_internal_metadata" WHERE "ar_internal_metadata"."key" = $1 LIMIT $2[0m  [["key", "environment"], ["LIMIT", 1]]
  ↳ db/schema.rb:13
  [1m[35m (0.3ms)[0m  [1m[35mBEGIN[0m
  ↳ db/schema.rb:13
  [1m[36mActiveRecord::InternalMetadata Create (0.8ms)[0m  [1m[32mINSERT INTO "ar_internal_metadata" ("key", "value", "created_at", "updated_at") VALUES ($1, $2, $3, $4) RETURNING "key"[0m  [["key", "environment"], ["value", "development"], ["created_at", "2020-02-22 09:26:30.553971"], ["updated_at", "2020-02-22 09:26:30.553971"]]
  ↳ db/schema.rb:13
  [1m[35m (0.5ms)[0m  [1m[35mCOMMIT[0m
  ↳ db/schema.rb:13
  [1m[36mActiveRecord::InternalMetadata Load (4.2ms)[0m  [1m[34mSELECT  "ar_internal_metadata".* FROM "ar_internal_metadata" WHERE "ar_internal_metadata"."key" = $1 LIMIT $2[0m  [["key", "environment"], ["LIMIT", 1]]
  ↳ bin/rails:9
  [1m[35m (0.3ms)[0m  [1m[35mBEGIN[0m
  ↳ bin/rails:9
  [1m[36mActiveRecord::InternalMetadata Update (0.8ms)[0m  [1m[33mUPDATE "ar_internal_metadata" SET "value" = $1, "updated_at" = $2 WHERE "ar_internal_metadata"."key" = $3[0m  [["value", "test"], ["updated_at", "2020-02-22 09:26:30.564480"], ["key", "environment"]]
  ↳ bin/rails:9
  [1m[35m (0.5ms)[0m  [1m[35mCOMMIT[0m
  ↳ bin/rails:9
  [1m[35m (1.3ms)[0m  [1m[34mSELECT "schema_migrations"."version" FROM "schema_migrations" ORDER BY "schema_migrations"."version" ASC[0m
  ↳ bin/rails:9
  [1m[35m (0.2ms)[0m  [1m[35mBEGIN[0m
  ↳ db/seeds.rb:20
  [1m[36mIngredient Exists (0.8ms)[0m  [1m[34mSELECT  1 AS one FROM "ingredients" WHERE "ingredients"."name" = $1 LIMIT $2[0m  [["name", "Tequila"], ["LIMIT", 1]]
  ↳ db/seeds.rb:20
  [1m[36mIngredient Create (0.7ms)[0m  [1m[32mINSERT INTO "ingredients" ("name", "created_at", "updated_at") VALUES ($1, $2, $3) RETURNING "id"[0m  [["name", "Tequila"], ["created_at", "2020-02-22 09:26:32.216343"], ["updated_at", "2020-02-22 09:26:32.216343"]]
  ↳ db/seeds.rb:20
  [1m[35m (0.5ms)[0m  [1m[35mCOMMIT[0m
  ↳ db/seeds.rb:20
  [1m[35m (0.1ms)[0m  [1m[35mBEGIN[0m
  ↳ db/seeds.rb:20
  [1m[36mIngredient Exists (0.4ms)[0m  [1m[34mSELECT  1 AS one FROM "ingredients" WHERE "ingredients"."name" = $1 LIMIT $2[0m  [["name", "Tomato juice"], ["LIMIT", 1]]
  ↳ db/seeds.rb:20
  [1m[36mIngredient Create (0.4ms)[0m  [1m[32mINSERT INTO "ingredients" ("name", "created_at", "updated_at") VALUES ($1, $2, $3) RETURNING "id"[0m  [["name", "Tomato juice"], ["created_at", "2020-02-22 09:26:32.220808"], ["updated_at", "2020-02-22 09:26:32.220808"]]
  ↳ db/seeds.rb:20
  [1m[35m (0.4ms)[0m  [1m[35mCOMMIT[0m
  ↳ db/seeds.rb:20
  [1m[35m (0.2ms)[0m  [1m[35mBEGIN[0m
  ↳ db/seeds.rb:20
  [1m[36mIngredient Exists (0.5ms)[0m  [1m[34mSELECT  1 AS one FROM "ingredients" WHERE "ingredients"."name" = $1 LIMIT $2[0m  [["name", "Lime"], ["LIMIT", 1]]
  ↳ db/seeds.rb:20
  [1m[36mIngredient Create (0.5ms)[0m  [1m[32mINSERT INTO "ingredients" ("name", "created_at", "updated_at") VALUES ($1, $2, $3) RETURNING "id"[0m  [["name", "Lime"], ["created_at", "2020-02-22 09:26:32.225929"], ["updated_at", "2020-02-22 09:26:32.225929"]]
  ↳ db/seeds.rb:20
  [1m[35m (0.4ms)[0m  [1m[35mCOMMIT[0m
  ↳ db/seeds.rb:20
  [1m[35m (0.2ms)[0m  [1m[35mBEGIN[0m
  ↳ db/seeds.rb:20
  [1m[36mIngredient Exists (0.4ms)[0m  [1m[34mSELECT  1 AS one FROM "ingredients" WHERE "ingredients"."name" = $1 LIMIT $2[0m  [["name", "Sugar syrup"], ["LIMIT", 1]]
  ↳ db/seeds.rb:20
  [1m[36mIngredient Create (0.4ms)[0m  [1m[32mINSERT INTO "ingredients" ("name", "created_at", "updated_at") VALUES ($1, $2, $3) RETURNING "id"[0m  [["name", "Sugar syrup"], ["created_at", "2020-02-22 09:26:32.230716"], ["updated_at", "2020-02-22 09:26:32.230716"]]
  ↳ db/seeds.rb:20
  [1m[35m (0.4ms)[0m  [1m[35mCOMMIT[0m
  ↳ db/seeds.rb:20
  [1m[35m (0.2ms)[0m  [1m[35mBEGIN[0m
  ↳ db/seeds.rb:20
  [1m[36mIngredient Exists (0.4ms)[0m  [1m[34mSELECT  1 AS one FROM "ingredients" WHERE "ingredients"."name" = $1 LIMIT $2[0m  [["name", "Lemonade"], ["LIMIT", 1]]
  ↳ db/seeds.rb:20
  [1m[36mIngredient Create (0.4ms)[0m  [1m[32mINSERT INTO "ingredients" ("name", "created_at", "updated_at") VALUES ($1, $2, $3) RETURNING "id"[0m  [["name", "Lemonade"], ["created_at", "2020-02-22 09:26:32.235211"], ["updated_at", "2020-02-22 09:26:32.235211"]]
  ↳ db/seeds.rb:20
  [1m[35m (0.4ms)[0m  [1m[35mCOMMIT[0m
  ↳ db/seeds.rb:20
  [1m[35m (0.2ms)[0m  [1m[35mBEGIN[0m
  ↳ db/seeds.rb:20
  [1m[36mIngredient Exists (0.4ms)[0m  [1m[34mSELECT  1 AS one FROM "ingredients" WHERE "ingredients"."name" = $1 LIMIT $2[0m  [["name", "Applejack"], ["LIMIT", 1]]
  ↳ db/seeds.rb:20
  [1m[36mIngredient Create (0.4ms)[0m  [1m[32mINSERT INTO "ingredients" ("name", "created_at", "updated_at") VALUES ($1, $2, $3) RETURNING "id"[0m  [["name", "Applejack"], ["created_at", "2020-02-22 09:26:32.239577"], ["updated_at", "2020-02-22 09:26:32.239577"]]
  ↳ db/seeds.rb:20
  [1m[35m (0.4ms)[0m  [1m[35mCOMMIT[0m
  ↳ db/seeds.rb:20
  [1m[35m (0.2ms)[0m  [1m[35mBEGIN[0m
  ↳ db/seeds.rb:20
  [1m[36mIngredient Exists (0.4ms)[0m  [1m[34mSELECT  1 AS one FROM "ingredients" WHERE "ingredients"."name" = $1 LIMIT $2[0m  [["name", "Blackberry brandy"], ["LIMIT", 1]]
  ↳ db/seeds.rb:20
  [1m[36mIngredient Create (0.4ms)[0m  [1m[32mINSERT INTO "ingredients" ("name", "created_at", "updated_at") VALUES ($1, $2, $3) RETURNING "id"[0m  [["name", "Blackberry brandy"], ["created_at", "2020-02-22 09:26:32.244054"], ["updated_at", "2020-02-22 09:26:32.244054"]]
  ↳ db/seeds.rb:20
  [1m[35m (0.4ms)[0m  [1m[35mCOMMIT[0m
  ↳ db/seeds.rb:20
  [1m[35m (0.1ms)[0m  [1m[35mBEGIN[0m
  ↳ db/seeds.rb:20
  [1m[36mIngredient Exists (0.4ms)[0m  [1m[34mSELECT  1 AS one FROM "ingredients" WHERE "ingredients"."name" = $1 LIMIT $2[0m  [["name", "Peppermint schnapps"], ["LIMIT", 1]]
  ↳ db/seeds.rb:20
  [1m[36mIngredient Create (0.4ms)[0m  [1m[32mINSERT INTO "ingredients" ("name", "created_at", "updated_at") VALUES ($1, $2, $3) RETURNING "id"[0m  [["name", "Peppermint schnapps"], ["created_at", "2020-02-22 09:26:32.248271"], ["updated_at", "2020-02-22 09:26:32.248271"]]
  ↳ db/seeds.rb:20
  [1m[35m (0.5ms)[0m  [1m[35mCOMMIT[0m
  ↳ db/seeds.rb:20
  [1m[35m (0.2ms)[0m  [1m[35mBEGIN[0m
  ↳ db/seeds.rb:20
  [1m[36mIngredient Exists (0.3ms)[0m  [1m[34mSELECT  1 AS one FROM "ingredients" WHERE "ingredients"."name" = $1 LIMIT $2[0m  [["name", "Lager"], ["LIMIT", 1]]
  ↳ db/seeds.rb:20
  [1m[36mIngredient Create (0.3ms)[0m  [1m[32mINSERT INTO "ingredients" ("name", "created_at", "updated_at") VALUES ($1, $2, $3) RETURNING "id"[0m  [["name", "Lager"], ["created_at", "2020-02-22 09:26:32.252398"], ["updated_at", "2020-02-22 09:26:32.252398"]]
  ↳ db/seeds.rb:20
  [1m[35m (0.4ms)[0m  [1m[35mCOMMIT[0m
  ↳ db/seeds.rb:20
  [1m[35m (0.2ms)[0m  [1m[35mBEGIN[0m
  ↳ db/seeds.rb:20
  [1m[36mIngredient Exists (0.4ms)[0m  [1m[34mSELECT  1 AS one FROM "ingredients" WHERE "ingredients"."name" = $1 LIMIT $2[0m  [["name", "Sambuca"], ["LIMIT", 1]]
  ↳ db/seeds.rb:20
  [1m[36mIngredient Create (0.4ms)[0m  [1m[32mINSERT INTO "ingredients" ("name", "created_at", "updated_at") VALUES ($1, $2, $3) RETURNING "id"[0m  [["name", "Sambuca"], ["created_at", "2020-02-22 09:26:32.256391"], ["updated_at", "2020-02-22 09:26:32.256391"]]
  ↳ db/seeds.rb:20
  [1m[35m (0.4ms)[0m  [1m[35mCOMMIT[0m
  ↳ db/seeds.rb:20
  [1m[35m (0.2ms)[0m  [1m[35mBEGIN[0m
  ↳ db/seeds.rb:20
  [1m[36mIngredient Exists (0.4ms)[0m  [1m[34mSELECT  1 AS one FROM "ingredients" WHERE "ingredients"."name" = $1 LIMIT $2[0m  [["name", "Yoghurt"], ["LIMIT", 1]]
  ↳ db/seeds.rb:20
  [1m[36mIngredient Create (0.4ms)[0m  [1m[32mINSERT INTO "ingredients" ("name", "created_at", "updated_at") VALUES ($1, $2, $3) RETURNING "id"[0m  [["name", "Yoghurt"], ["created_at", "2020-02-22 09:26:32.260781"], ["updated_at", "2020-02-22 09:26:32.260781"]]
  ↳ db/seeds.rb:20
  [1m[35m (0.4ms)[0m  [1m[35mCOMMIT[0m
  ↳ db/seeds.rb:20
  [1m[35m (0.2ms)[0m  [1m[35mBEGIN[0m
  ↳ db/seeds.rb:20
  [1m[36mIngredient Exists (0.4ms)[0m  [1m[34mSELECT  1 AS one FROM "ingredients" WHERE "ingredients"."name" = $1 LIMIT $2[0m  [["name", "Amaretto"], ["LIMIT", 1]]
  ↳ db/seeds.rb:20
  [1m[36mIngredient Create (0.3ms)[0m  [1m[32mINSERT INTO "ingredients" ("name", "created_at", "updated_at") VALUES ($1, $2, $3) RETURNING "id"[0m  [["name", "Amaretto"], ["created_at", "2020-02-22 09:26:32.265190"], ["updated_at", "2020-02-22 09:26:32.265190"]]
  ↳ db/seeds.rb:20
  [1m[35m (0.3ms)[0m  [1m[35mCOMMIT[0m
  ↳ db/seeds.rb:20
  [1m[35m (0.1ms)[0m  [1m[35mBEGIN[0m
  ↳ db/seeds.rb:20
  [1m[36mIngredient Exists (0.3ms)[0m  [1m[34mSELECT  1 AS one FROM "ingredients" WHERE "ingredients"."name" = $1 LIMIT $2[0m  [["name", "Gin"], ["LIMIT", 1]]
  ↳ db/seeds.rb:20
  [1m[36mIngredient Create (0.2ms)[0m  [1m[32mINSERT INTO "ingredients" ("name", "created_at", "updated_at") VALUES ($1, $2, $3) RETURNING "id"[0m  [["name", "Gin"], ["created_at", "2020-02-22 09:26:32.268353"], ["updated_at", "2020-02-22 09:26:32.268353"]]
  ↳ db/seeds.rb:20
  [1m[35m (0.5ms)[0m  [1m[35mCOMMIT[0m
  ↳ db/seeds.rb:20
  [1m[35m (0.2ms)[0m  [1m[35mBEGIN[0m
  ↳ db/seeds.rb:20
  [1m[36mIngredient Exists (0.4ms)[0m  [1m[34mSELECT  1 AS one FROM "ingredients" WHERE "ingredients"."name" = $1 LIMIT $2[0m  [["name", "Sprite"], ["LIMIT", 1]]
  ↳ db/seeds.rb:20
  [1m[36mIngredient Create (0.4ms)[0m  [1m[32mINSERT INTO "ingredients" ("name", "created_at", "updated_at") VALUES ($1, $2, $3) RETURNING "id"[0m  [["name", "Sprite"], ["created_at", "2020-02-22 09:26:32.272128"], ["updated_at", "2020-02-22 09:26:32.272128"]]
  ↳ db/seeds.rb:20
  [1m[35m (0.4ms)[0m  [1m[35mCOMMIT[0m
  ↳ db/seeds.rb:20
  [1m[35m (0.1ms)[0m  [1m[35mBEGIN[0m
  ↳ db/seeds.rb:20
  [1m[36mIngredient Exists (0.3ms)[0m  [1m[34mSELECT  1 AS one FROM "ingredients" WHERE "ingredients"."name" = $1 LIMIT $2[0m  [["name", "Lime"], ["LIMIT", 1]]
  ↳ db/seeds.rb:20
  [1m[35m (1.1ms)[0m  [1m[31mROLLBACK[0m
  ↳ db/seeds.rb:20
  [1m[35m (1.1ms)[0m  [1m[35mBEGIN[0m
  ↳ db/seeds.rb:20
  [1m[36mIngredient Exists (0.8ms)[0m  [1m[34mSELECT  1 AS one FROM "ingredients" WHERE "ingredients"."name" = $1 LIMIT $2[0m  [["name", "Apricot brandy"], ["LIMIT", 1]]
  ↳ db/seeds.rb:20
  [1m[36mIngredient Create (2.9ms)[0m  [1m[32mINSERT INTO "ingredients" ("name", "created_at", "updated_at") VALUES ($1, $2, $3) RETURNING "id"[0m  [["name", "Apricot brandy"], ["created_at", "2020-02-22 09:26:40.833266"], ["updated_at", "2020-02-22 09:26:40.833266"]]
  ↳ db/seeds.rb:20
  [1m[35m (0.7ms)[0m  [1m[35mCOMMIT[0m
  ↳ db/seeds.rb:20
  [1m[35m (1.0ms)[0m  [1m[35mBEGIN[0m
  ↳ db/seeds.rb:20
  [1m[36mIngredient Exists (0.9ms)[0m  [1m[34mSELECT  1 AS one FROM "ingredients" WHERE "ingredients"."name" = $1 LIMIT $2[0m  [["name", "Cranberries"], ["LIMIT", 1]]
  ↳ db/seeds.rb:20
  [1m[36mIngredient Create (0.5ms)[0m  [1m[32mINSERT INTO "ingredients" ("name", "created_at", "updated_at") VALUES ($1, $2, $3) RETURNING "id"[0m  [["name", "Cranberries"], ["created_at", "2020-02-22 09:26:40.857506"], ["updated_at", "2020-02-22 09:26:40.857506"]]
  ↳ db/seeds.rb:20
  [1m[35m (1.3ms)[0m  [1m[35mCOMMIT[0m
  ↳ db/seeds.rb:20
  [1m[35m (0.9ms)[0m  [1m[35mBEGIN[0m
  ↳ db/seeds.rb:20
  [1m[36mIngredient Exists (0.8ms)[0m  [1m[34mSELECT  1 AS one FROM "ingredients" WHERE "ingredients"."name" = $1 LIMIT $2[0m  [["name", "demerara Sugar"], ["LIMIT", 1]]
  ↳ db/seeds.rb:20
  [1m[36mIngredient Create (0.5ms)[0m  [1m[32mINSERT INTO "ingredients" ("name", "created_at", "updated_at") VALUES ($1, $2, $3) RETURNING "id"[0m  [["name", "demerara Sugar"], ["created_at", "2020-02-22 09:26:40.865970"], ["updated_at", "2020-02-22 09:26:40.865970"]]
  ↳ db/seeds.rb:20
  [1m[35m (0.7ms)[0m  [1m[35mCOMMIT[0m
  ↳ db/seeds.rb:20
  [1m[35m (0.5ms)[0m  [1m[35mBEGIN[0m
  ↳ db/seeds.rb:20
  [1m[36mIngredient Exists (0.6ms)[0m  [1m[34mSELECT  1 AS one FROM "ingredients" WHERE "ingredients"."name" = $1 LIMIT $2[0m  [["name", "Dubonnet Rouge"], ["LIMIT", 1]]
  ↳ db/seeds.rb:20
  [1m[36mIngredient Create (0.4ms)[0m  [1m[32mINSERT INTO "ingredients" ("name", "created_at", "updated_at") VALUES ($1, $2, $3) RETURNING "id"[0m  [["name", "Dubonnet Rouge"], ["created_at", "2020-02-22 09:26:40.872441"], ["updated_at", "2020-02-22 09:26:40.872441"]]
  ↳ db/seeds.rb:20
  [1m[35m (1.0ms)[0m  [1m[35mCOMMIT[0m
  ↳ db/seeds.rb:20
  [1m[35m (0.7ms)[0m  [1m[35mBEGIN[0m
  ↳ db/seeds.rb:20
  [1m[36mIngredient Exists (0.5ms)[0m  [1m[34mSELECT  1 AS one FROM "ingredients" WHERE "ingredients"."name" = $1 LIMIT $2[0m  [["name", "Brandy"], ["LIMIT", 1]]
  ↳ db/seeds.rb:20
  [1m[36mIngredient Create (0.5ms)[0m  [1m[32mINSERT INTO "ingredients" ("name", "created_at", "updated_at") VALUES ($1, $2, $3) RETURNING "id"[0m  [["name", "Brandy"], ["created_at", "2020-02-22 09:26:40.878786"], ["updated_at", "2020-02-22 09:26:40.878786"]]
  ↳ db/seeds.rb:20
  [1m[35m (0.7ms)[0m  [1m[35mCOMMIT[0m
  ↳ db/seeds.rb:20
  [1m[35m (0.4ms)[0m  [1m[35mBEGIN[0m
  ↳ db/seeds.rb:20
  [1m[36mIngredient Exists (0.8ms)[0m  [1m[34mSELECT  1 AS one FROM "ingredients" WHERE "ingredients"."name" = $1 LIMIT $2[0m  [["name", "Irish whiskey"], ["LIMIT", 1]]
  ↳ db/seeds.rb:20
  [1m[36mIngredient Create (1.0ms)[0m  [1m[32mINSERT INTO "ingredients" ("name", "created_at", "updated_at") VALUES ($1, $2, $3) RETURNING "id"[0m  [["name", "Irish whiskey"], ["created_at", "2020-02-22 09:26:40.885868"], ["updated_at", "2020-02-22 09:26:40.885868"]]
  ↳ db/seeds.rb:20
  [1m[35m (0.7ms)[0m  [1m[35mCOMMIT[0m
  ↳ db/seeds.rb:20
  [1m[35m (0.1ms)[0m  [1m[35mBEGIN[0m
  ↳ db/seeds.rb:20
  [1m[36mIngredient Exists (0.2ms)[0m  [1m[34mSELECT  1 AS one FROM "ingredients" WHERE "ingredients"."name" = $1 LIMIT $2[0m  [["name", "Sugar"], ["LIMIT", 1]]
  ↳ db/seeds.rb:20
  [1m[36mIngredient Create (0.2ms)[0m  [1m[32mINSERT INTO "ingredients" ("name", "created_at", "updated_at") VALUES ($1, $2, $3) RETURNING "id"[0m  [["name", "Sugar"], ["created_at", "2020-02-22 09:26:40.890634"], ["updated_at", "2020-02-22 09:26:40.890634"]]
  ↳ db/seeds.rb:20
  [1m[35m (0.3ms)[0m  [1m[35mCOMMIT[0m
  ↳ db/seeds.rb:20
  [1m[35m (0.1ms)[0m  [1m[35mBEGIN[0m
  ↳ db/seeds.rb:20
  [1m[36mIngredient Exists (0.2ms)[0m  [1m[34mSELECT  1 AS one FROM "ingredients" WHERE "ingredients"."name" = $1 LIMIT $2[0m  [["name", "Midori melon liqueur"], ["LIMIT", 1]]
  ↳ db/seeds.rb:20
  [1m[36mIngredient Create (0.2ms)[0m  [1m[32mINSERT INTO "ingredients" ("name", "created_at", "updated_at") VALUES ($1, $2, $3) RETURNING "id"[0m  [["name", "Midori melon liqueur"], ["created_at", "2020-02-22 09:26:40.893140"], ["updated_at", "2020-02-22 09:26:40.893140"]]
  ↳ db/seeds.rb:20
  [1m[35m (0.3ms)[0m  [1m[35mCOMMIT[0m
  ↳ db/seeds.rb:20
  [1m[35m (0.1ms)[0m  [1m[35mBEGIN[0m
  ↳ db/seeds.rb:20
  [1m[36mIngredient Exists (0.2ms)[0m  [1m[34mSELECT  1 AS one FROM "ingredients" WHERE "ingredients"."name" = $1 LIMIT $2[0m  [["name", "Light rum"], ["LIMIT", 1]]
  ↳ db/seeds.rb:20
  [1m[36mIngredient Create (0.2ms)[0m  [1m[32mINSERT INTO "ingredients" ("name", "created_at", "updated_at") VALUES ($1, $2, $3) RETURNING "id"[0m  [["name", "Light rum"], ["created_at", "2020-02-22 09:26:40.895658"], ["updated_at", "2020-02-22 09:26:40.895658"]]
  ↳ db/seeds.rb:20
  [1m[35m (0.4ms)[0m  [1m[35mCOMMIT[0m
  ↳ db/seeds.rb:20
  [1m[35m (0.1ms)[0m  [1m[35mBEGIN[0m
  ↳ db/seeds.rb:20
  [1m[36mIngredient Exists (0.2ms)[0m  [1m[34mSELECT  1 AS one FROM "ingredients" WHERE "ingredients"."name" = $1 LIMIT $2[0m  [["name", "Vodka"], ["LIMIT", 1]]
  ↳ db/seeds.rb:20
  [1m[36mIngredient Create (0.2ms)[0m  [1m[32mINSERT INTO "ingredients" ("name", "created_at", "updated_at") VALUES ($1, $2, $3) RETURNING "id"[0m  [["name", "Vodka"], ["created_at", "2020-02-22 09:26:40.898094"], ["updated_at", "2020-02-22 09:26:40.898094"]]
  ↳ db/seeds.rb:20
  [1m[35m (0.3ms)[0m  [1m[35mCOMMIT[0m
  ↳ db/seeds.rb:20
  [1m[35m (0.1ms)[0m  [1m[35mBEGIN[0m
  ↳ db/seeds.rb:20
  [1m[36mIngredient Exists (0.2ms)[0m  [1m[34mSELECT  1 AS one FROM "ingredients" WHERE "ingredients"."name" = $1 LIMIT $2[0m  [["name", "Vodka"], ["LIMIT", 1]]
  ↳ db/seeds.rb:20
  [1m[35m (0.1ms)[0m  [1m[31mROLLBACK[0m
  ↳ db/seeds.rb:20
  [1m[35m (0.1ms)[0m  [1m[35mBEGIN[0m
  ↳ db/seeds.rb:20
  [1m[36mIngredient Exists (0.2ms)[0m  [1m[34mSELECT  1 AS one FROM "ingredients" WHERE "ingredients"."name" = $1 LIMIT $2[0m  [["name", "Peppermint schnapps"], ["LIMIT", 1]]
  ↳ db/seeds.rb:20
  [1m[35m (0.1ms)[0m  [1m[31mROLLBACK[0m
  ↳ db/seeds.rb:20
  [1m[35m (0.1ms)[0m  [1m[35mBEGIN[0m
  ↳ db/seeds.rb:20
  [1m[36mIngredient Exists (0.2ms)[0m  [1m[34mSELECT  1 AS one FROM "ingredients" WHERE "ingredients"."name" = $1 LIMIT $2[0m  [["name", "Peach Vodka"], ["LIMIT", 1]]
  ↳ db/seeds.rb:20
  [1m[36mIngredient Create (0.2ms)[0m  [1m[32mINSERT INTO "ingredients" ("name", "created_at", "updated_at") VALUES ($1, $2, $3) RETURNING "id"[0m  [["name", "Peach Vodka"], ["created_at", "2020-02-22 09:26:40.903732"], ["updated_at", "2020-02-22 09:26:40.903732"]]
  ↳ db/seeds.rb:20
  [1m[35m (0.3ms)[0m  [1m[35mCOMMIT[0m
  ↳ db/seeds.rb:20
  [1m[35m (0.1ms)[0m  [1m[35mBEGIN[0m
  ↳ db/seeds.rb:20
  [1m[36mIngredient Exists (0.2ms)[0m  [1m[34mSELECT  1 AS one FROM "ingredients" WHERE "ingredients"."name" = $1 LIMIT $2[0m  [["name", "Lime juice"], ["LIMIT", 1]]
  ↳ db/seeds.rb:20
  [1m[36mIngredient Create (0.2ms)[0m  [1m[32mINSERT INTO "ingredients" ("name", "created_at", "updated_at") VALUES ($1, $2, $3) RETURNING "id"[0m  [["name", "Lime juice"], ["created_at", "2020-02-22 09:26:40.906057"], ["updated_at", "2020-02-22 09:26:40.906057"]]
  ↳ db/seeds.rb:20
  [1m[35m (0.4ms)[0m  [1m[35mCOMMIT[0m
  ↳ db/seeds.rb:20
  [1m[35m (0.1ms)[0m  [1m[35mBEGIN[0m
  ↳ db/seeds.rb:20
  [1m[36mIngredient Exists (0.2ms)[0m  [1m[34mSELECT  1 AS one FROM "ingredients" WHERE "ingredients"."name" = $1 LIMIT $2[0m  [["name", "Apricot brandy"], ["LIMIT", 1]]
  ↳ db/seeds.rb:20
  [1m[35m (0.1ms)[0m  [1m[31mROLLBACK[0m
  ↳ db/seeds.rb:20
  [1m[35m (0.1ms)[0m  [1m[35mBEGIN[0m
  ↳ db/seeds.rb:20
  [1m[36mIngredient Exists (0.2ms)[0m  [1m[34mSELECT  1 AS one FROM "ingredients" WHERE "ingredients"."name" = $1 LIMIT $2[0m  [["name", "Apple juice"], ["LIMIT", 1]]
  ↳ db/seeds.rb:20
  [1m[36mIngredient Create (0.2ms)[0m  [1m[32mINSERT INTO "ingredients" ("name", "created_at", "updated_at") VALUES ($1, $2, $3) RETURNING "id"[0m  [["name", "Apple juice"], ["created_at", "2020-02-22 09:26:40.910486"], ["updated_at", "2020-02-22 09:26:40.910486"]]
  ↳ db/seeds.rb:20
  [1m[35m (0.3ms)[0m  [1m[35mCOMMIT[0m
  ↳ db/seeds.rb:20
  [1m[35m (0.1ms)[0m  [1m[35mBEGIN[0m
  ↳ db/seeds.rb:20
  [1m[36mIngredient Exists (0.2ms)[0m  [1m[34mSELECT  1 AS one FROM "ingredients" WHERE "ingredients"."name" = $1 LIMIT $2[0m  [["name", "Cranberries"], ["LIMIT", 1]]
  ↳ db/seeds.rb:20
  [1m[35m (0.1ms)[0m  [1m[31mROLLBACK[0m
  ↳ db/seeds.rb:20
  [1m[36mIngredient Load (0.2ms)[0m  [1m[34mSELECT "ingredients".* FROM "ingredients"[0m
  ↳ db/seeds.rb:23
  [1m[35m (0.1ms)[0m  [1m[35mBEGIN[0m
  ↳ db/seeds.rb:25
  [1m[36mCocktail Exists (0.4ms)[0m  [1m[34mSELECT  1 AS one FROM "cocktails" WHERE "cocktails"."name" = $1 LIMIT $2[0m  [["name", "Spritz"], ["LIMIT", 1]]
  ↳ db/seeds.rb:25
  [1m[36mCocktail Create (0.5ms)[0m  [1m[32mINSERT INTO "cocktails" ("name", "created_at", "updated_at", "image_url") VALUES ($1, $2, $3, $4) RETURNING "id"[0m  [["name", "Spritz"], ["created_at", "2020-02-22 09:26:40.926584"], ["updated_at", "2020-02-22 09:26:40.926584"], ["image_url", "https://images.unsplash.com/photo-1570598912132-0ba1dc952b7d?ixlib=rb-1.2.1&ixid=eyJhcHBfaWQiOjEyMDd9&auto=format&fit=crop&w=668&q=80"]]
  ↳ db/seeds.rb:25
  [1m[35m (0.4ms)[0m  [1m[35mCOMMIT[0m
  ↳ db/seeds.rb:25
  [1m[35m (0.1ms)[0m  [1m[35mBEGIN[0m
  ↳ db/seeds.rb:27
  [1m[36mCocktail Exists (0.3ms)[0m  [1m[34mSELECT  1 AS one FROM "cocktails" WHERE "cocktails"."name" = $1 LIMIT $2[0m  [["name", "Old Fashioned"], ["LIMIT", 1]]
  ↳ db/seeds.rb:27
  [1m[36mCocktail Create (0.2ms)[0m  [1m[32mINSERT INTO "cocktails" ("name", "created_at", "updated_at", "image_url") VALUES ($1, $2, $3, $4) RETURNING "id"[0m  [["name", "Old Fashioned"], ["created_at", "2020-02-22 09:26:40.929599"], ["updated_at", "2020-02-22 09:26:40.929599"], ["image_url", "https://images.unsplash.com/photo-1560179304-6fc1d8749b23?ixlib=rb-1.2.1&ixid=eyJhcHBfaWQiOjEyMDd9&auto=format&fit=crop&w=668&q=80"]]
  ↳ db/seeds.rb:27
  [1m[35m (0.3ms)[0m  [1m[35mCOMMIT[0m
  ↳ db/seeds.rb:27
  [1m[35m (0.1ms)[0m  [1m[35mBEGIN[0m
  ↳ db/seeds.rb:29
  [1m[36mCocktail Exists (0.2ms)[0m  [1m[34mSELECT  1 AS one FROM "cocktails" WHERE "cocktails"."name" = $1 LIMIT $2[0m  [["name", "Gin & Tonic"], ["LIMIT", 1]]
  ↳ db/seeds.rb:29
  [1m[36mCocktail Create (0.2ms)[0m  [1m[32mINSERT INTO "cocktails" ("name", "created_at", "updated_at", "image_url") VALUES ($1, $2, $3, $4) RETURNING "id"[0m  [["name", "Gin & Tonic"], ["created_at", "2020-02-22 09:26:40.931882"], ["updated_at", "2020-02-22 09:26:40.931882"], ["image_url", "https://images.unsplash.com/photo-1545438102-799c3991ffb2?ixlib=rb-1.2.1&ixid=eyJhcHBfaWQiOjEyMDd9&auto=format&fit=crop&w=668&q=80"]]
  ↳ db/seeds.rb:29
  [1m[35m (0.3ms)[0m  [1m[35mCOMMIT[0m
  ↳ db/seeds.rb:29
  [1m[35m (0.1ms)[0m  [1m[35mBEGIN[0m
  ↳ db/seeds.rb:31
  [1m[36mCocktail Exists (0.2ms)[0m  [1m[34mSELECT  1 AS one FROM "cocktails" WHERE "cocktails"."name" = $1 LIMIT $2[0m  [["name", "Margarita"], ["LIMIT", 1]]
  ↳ db/seeds.rb:31
  [1m[36mCocktail Create (0.2ms)[0m  [1m[32mINSERT INTO "cocktails" ("name", "created_at", "updated_at", "image_url") VALUES ($1, $2, $3, $4) RETURNING "id"[0m  [["name", "Margarita"], ["created_at", "2020-02-22 09:26:40.934055"], ["updated_at", "2020-02-22 09:26:40.934055"], ["image_url", "https://images.unsplash.com/photo-1486428263684-28ec9e4f2584?ixlib=rb-1.2.1&ixid=eyJhcHBfaWQiOjEyMDd9&auto=format&fit=crop&w=668&q=80"]]
  ↳ db/seeds.rb:31
  [1m[35m (0.3ms)[0m  [1m[35mCOMMIT[0m
  ↳ db/seeds.rb:31
  [1m[35m (0.1ms)[0m  [1m[35mBEGIN[0m
  ↳ db/seeds.rb:33
  [1m[36mCocktail Exists (0.5ms)[0m  [1m[34mSELECT  1 AS one FROM "cocktails" WHERE "cocktails"."name" = $1 LIMIT $2[0m  [["name", "Watermelon Caïpirinha"], ["LIMIT", 1]]
  ↳ db/seeds.rb:33
  [1m[36mCocktail Create (0.2ms)[0m  [1m[32mINSERT INTO "cocktails" ("name", "created_at", "updated_at", "image_url") VALUES ($1, $2, $3, $4) RETURNING "id"[0m  [["name", "Watermelon Caïpirinha"], ["created_at", "2020-02-22 09:26:40.936626"], ["updated_at", "2020-02-22 09:26:40.936626"], ["image_url", "https://images.unsplash.com/photo-1527661591475-527312dd65f5?ixlib=rb-1.2.1&ixid=eyJhcHBfaWQiOjEyMDd9&auto=format&fit=crop&w=716&q=80"]]
  ↳ db/seeds.rb:33
  [1m[35m (0.3ms)[0m  [1m[35mCOMMIT[0m
  ↳ db/seeds.rb:33
  [1m[35m (0.1ms)[0m  [1m[35mBEGIN[0m
  ↳ db/seeds.rb:35
  [1m[36mCocktail Exists (0.2ms)[0m  [1m[34mSELECT  1 AS one FROM "cocktails" WHERE "cocktails"."name" = $1 LIMIT $2[0m  [["name", "Berry Fizz"], ["LIMIT", 1]]
  ↳ db/seeds.rb:35
  [1m[36mCocktail Create (0.2ms)[0m  [1m[32mINSERT INTO "cocktails" ("name", "created_at", "updated_at", "image_url") VALUES ($1, $2, $3, $4) RETURNING "id"[0m  [["name", "Berry Fizz"], ["created_at", "2020-02-22 09:26:40.938857"], ["updated_at", "2020-02-22 09:26:40.938857"], ["image_url", "https://images.unsplash.com/photo-1527091755570-1daada653420?ixlib=rb-1.2.1&ixid=eyJhcHBfaWQiOjEyMDd9&auto=format&fit=crop&w=886&q=80"]]
  ↳ db/seeds.rb:35
  [1m[35m (0.3ms)[0m  [1m[35mCOMMIT[0m
  ↳ db/seeds.rb:35
  [1m[35m (0.1ms)[0m  [1m[35mBEGIN[0m
  ↳ db/seeds.rb:37
  [1m[36mCocktail Exists (0.2ms)[0m  [1m[34mSELECT  1 AS one FROM "cocktails" WHERE "cocktails"."name" = $1 LIMIT $2[0m  [["name", "Blue Lagoon"], ["LIMIT", 1]]
  ↳ db/seeds.rb:37
  [1m[36mCocktail Create (0.2ms)[0m  [1m[32mINSERT INTO "cocktails" ("name", "created_at", "updated_at", "image_url") VALUES ($1, $2, $3, $4) RETURNING "id"[0m  [["name", "Blue Lagoon"], ["created_at", "2020-02-22 09:26:40.940947"], ["updated_at", "2020-02-22 09:26:40.940947"], ["image_url", "https://images.unsplash.com/photo-1559842623-b82d2e1228a5?ixlib=rb-1.2.1&auto=format&fit=crop&w=668&q=80"]]
  ↳ db/seeds.rb:37
  [1m[35m (0.3ms)[0m  [1m[35mCOMMIT[0m
  ↳ db/seeds.rb:37
  [1m[35m (0.1ms)[0m  [1m[35mBEGIN[0m
  ↳ db/seeds.rb:39
  [1m[36mCocktail Exists (0.2ms)[0m  [1m[34mSELECT  1 AS one FROM "cocktails" WHERE "cocktails"."name" = $1 LIMIT $2[0m  [["name", "Mojito"], ["LIMIT", 1]]
  ↳ db/seeds.rb:39
  [1m[36mCocktail Create (0.2ms)[0m  [1m[32mINSERT INTO "cocktails" ("name", "created_at", "updated_at", "image_url") VALUES ($1, $2, $3, $4) RETURNING "id"[0m  [["name", "Mojito"], ["created_at", "2020-02-22 09:26:40.943086"], ["updated_at", "2020-02-22 09:26:40.943086"], ["image_url", "https://images.unsplash.com/photo-1551538827-9c037cb4f32a?ixlib=rb-1.2.1&ixid=eyJhcHBfaWQiOjEyMDd9&auto=format&fit=crop&w=802&q=80"]]
  ↳ db/seeds.rb:39
  [1m[35m (0.3ms)[0m  [1m[35mCOMMIT[0m
  ↳ db/seeds.rb:39
  [1m[35m (0.1ms)[0m  [1m[35mBEGIN[0m
  ↳ db/seeds.rb:41
  [1m[36mCocktail Exists (0.2ms)[0m  [1m[34mSELECT  1 AS one FROM "cocktails" WHERE "cocktails"."name" = $1 LIMIT $2[0m  [["name", "Cosmopolitan"], ["LIMIT", 1]]
  ↳ db/seeds.rb:41
  [1m[36mCocktail Create (0.2ms)[0m  [1m[32mINSERT INTO "cocktails" ("name", "created_at", "updated_at", "image_url") VALUES ($1, $2, $3, $4) RETURNING "id"[0m  [["name", "Cosmopolitan"], ["created_at", "2020-02-22 09:26:40.945104"], ["updated_at", "2020-02-22 09:26:40.945104"], ["image_url", "https://images.unsplash.com/photo-1559842438-2942c907c8fe?ixlib=rb-1.2.1&ixid=eyJhcHBfaWQiOjEyMDd9&auto=format&fit=crop&w=668&q=80"]]
  ↳ db/seeds.rb:41
  [1m[35m (0.3ms)[0m  [1m[35mCOMMIT[0m
  ↳ db/seeds.rb:41
  [1m[35m (0.1ms)[0m  [1m[35mBEGIN[0m
  ↳ db/seeds.rb:43
  [1m[36mCocktail Exists (0.2ms)[0m  [1m[34mSELECT  1 AS one FROM "cocktails" WHERE "cocktails"."name" = $1 LIMIT $2[0m  [["name", "Frozen Test"], ["LIMIT", 1]]
  ↳ db/seeds.rb:43
  [1m[36mCocktail Create (0.2ms)[0m  [1m[32mINSERT INTO "cocktails" ("name", "created_at", "updated_at", "image_url") VALUES ($1, $2, $3, $4) RETURNING "id"[0m  [["name", "Frozen Test"], ["created_at", "2020-02-22 09:26:40.947226"], ["updated_at", "2020-02-22 09:26:40.947226"], ["image_url", "https://images.unsplash.com/photo-1497534446932-c925b458314e?ixlib=rb-1.2.1&ixid=eyJhcHBfaWQiOjEyMDd9&auto=format&fit=crop&w=814&q=80"]]
  ↳ db/seeds.rb:43
  [1m[35m (0.3ms)[0m  [1m[35mCOMMIT[0m
  ↳ db/seeds.rb:43
  [1m[35m (0.1ms)[0m  [1m[35mBEGIN[0m
  ↳ db/seeds.rb:45
  [1m[36mCocktail Exists (0.3ms)[0m  [1m[34mSELECT  1 AS one FROM "cocktails" WHERE "cocktails"."name" = $1 LIMIT $2[0m  [["name", "Pina Colada"], ["LIMIT", 1]]
  ↳ db/seeds.rb:45
  [1m[36mCocktail Create (0.3ms)[0m  [1m[32mINSERT INTO "cocktails" ("name", "created_at", "updated_at", "image_url") VALUES ($1, $2, $3, $4) RETURNING "id"[0m  [["name", "Pina Colada"], ["created_at", "2020-02-22 09:26:40.949890"], ["updated_at", "2020-02-22 09:26:40.949890"], ["image_url", "https://images.unsplash.com/photo-1577595166653-c4b06b30fa18?ixlib=rb-1.2.1&ixid=eyJhcHBfaWQiOjEyMDd9&auto=format&fit=crop&w=668&q=80"]]
  ↳ db/seeds.rb:45
  [1m[35m (0.4ms)[0m  [1m[35mCOMMIT[0m
  ↳ db/seeds.rb:45
  [1m[35m (0.1ms)[0m  [1m[35mBEGIN[0m
  ↳ db/seeds.rb:47
  [1m[36mCocktail Exists (0.2ms)[0m  [1m[34mSELECT  1 AS one FROM "cocktails" WHERE "cocktails"."name" = $1 LIMIT $2[0m  [["name", "Goyabakka"], ["LIMIT", 1]]
  ↳ db/seeds.rb:47
  [1m[36mCocktail Create (0.2ms)[0m  [1m[32mINSERT INTO "cocktails" ("name", "created_at", "updated_at", "image_url") VALUES ($1, $2, $3, $4) RETURNING "id"[0m  [["name", "Goyabakka"], ["created_at", "2020-02-22 09:26:40.952867"], ["updated_at", "2020-02-22 09:26:40.952867"], ["image_url", "https://images.unsplash.com/photo-1555940726-1c297abcc1f1?ixlib=rb-1.2.1&ixid=eyJhcHBfaWQiOjEyMDd9&auto=format&fit=crop&w=668&q=80"]]
  ↳ db/seeds.rb:47
  [1m[35m (0.4ms)[0m  [1m[35mCOMMIT[0m
  ↳ db/seeds.rb:47
  [1m[36mCocktail Load (0.2ms)[0m  [1m[34mSELECT "cocktails".* FROM "cocktails"[0m
  ↳ db/seeds.rb:49
Started GET "/" for ::1 at 2020-02-22 20:26:59 +1100
  [1m[35m (0.6ms)[0m  [1m[34mSELECT "schema_migrations"."version" FROM "schema_migrations" ORDER BY "schema_migrations"."version" ASC[0m
  ↳ /Users/JulietteFerrer0/.rbenv/versions/2.6.5/lib/ruby/gems/2.6.0/gems/activerecord-5.2.4.1/lib/active_record/log_subscriber.rb:98
Processing by CocktailsController#index as HTML
  Rendering cocktails/index.html.erb within layouts/application
  [1m[36mCocktail Load (1.0ms)[0m  [1m[34mSELECT "cocktails".* FROM "cocktails"[0m
  ↳ app/views/cocktails/index.html.erb:10
  Rendered cocktails/index.html.erb within layouts/application (115.9ms)
Started GET "/" for ::1 at 2020-02-22 20:27:03 +1100
Processing by CocktailsController#index as HTML
  Rendering cocktails/index.html.erb within layouts/application
  [1m[36mCocktail Load (1.0ms)[0m  [1m[34mSELECT "cocktails".* FROM "cocktails"[0m
  ↳ app/views/cocktails/index.html.erb:10
  Rendered cocktails/index.html.erb within layouts/application (4.7ms)
Completed 500 Internal Server Error in 15960ms (ActiveRecord: 1.0ms)


  
ActionView::Template::Error (Must supply cloud_name in tag or in configuration):
    16:   <body>
    17:       <div class="nav-bar fixed-top nav-bar-white">
    18:         <div class="home nav-bar-left">
    19:           <div class="logo" style="background-image: url('<%= cl_image_path("beverage_lz4avk") %>')"></div>
    20:           <%= link_to 'Home', root_path %>
    21:         </div>
    22:         <div class="mister">MisterCocktail</div>
  
app/views/layouts/application.html.erb:19:in `_app_views_layouts_application_html_erb__1761840228712467260_70260904218780'
Completed 500 Internal Server Error in 19899ms (ActiveRecord: 26.6ms)


  
ActionView::Template::Error (Must supply cloud_name in tag or in configuration):
    16:   <body>
    17:       <div class="nav-bar fixed-top nav-bar-white">
    18:         <div class="home nav-bar-left">
    19:           <div class="logo" style="background-image: url('<%= cl_image_path("beverage_lz4avk") %>')"></div>
    20:           <%= link_to 'Home', root_path %>
    21:         </div>
    22:         <div class="mister">MisterCocktail</div>
  
app/views/layouts/application.html.erb:19:in `_app_views_layouts_application_html_erb__1761840228712467260_70260859196100'
Started GET "/" for ::1 at 2020-02-22 20:28:55 +1100
Processing by CocktailsController#index as HTML
  Rendering cocktails/index.html.erb within layouts/application
  [1m[36mCocktail Load (0.3ms)[0m  [1m[34mSELECT "cocktails".* FROM "cocktails"[0m
  ↳ app/views/cocktails/index.html.erb:10
  Rendered cocktails/index.html.erb within layouts/application (2.3ms)
Completed 500 Internal Server Error in 48ms (ActiveRecord: 0.3ms)


  
ActionView::Template::Error (Must supply cloud_name in tag or in configuration):
    16:   <body>
    17:       <div class="nav-bar fixed-top nav-bar-white">
    18:         <div class="home nav-bar-left">
    19:           <div class="logo" style="background-image: url('<%= cl_image_path("beverage_lz4avk") %>')"></div>
    20:           <%= link_to 'Home', root_path %>
    21:         </div>
    22:         <div class="mister">MisterCocktail</div>
  
app/views/layouts/application.html.erb:19:in `_app_views_layouts_application_html_erb__1761840228712467260_70260937330280'
Started GET "/" for ::1 at 2020-02-22 22:50:33 +1100
Processing by CocktailsController#index as HTML
  Rendering cocktails/index.html.erb within layouts/application
  [1m[36mCocktail Load (43.1ms)[0m  [1m[34mSELECT "cocktails".* FROM "cocktails"[0m
  ↳ app/views/cocktails/index.html.erb:10
  Rendered cocktails/index.html.erb within layouts/application (50.1ms)
Completed 500 Internal Server Error in 367ms (ActiveRecord: 43.1ms)


  
ActionView::Template::Error (Must supply cloud_name in tag or in configuration):
    16:   <body>
    17:       <div class="nav-bar fixed-top nav-bar-white">
    18:         <div class="home nav-bar-left">
    19:           <div class="logo" style="background-image: url('<%= cl_image_path("beverage_lz4avk") %>')"></div>
    20:           <%= link_to 'Home', root_path %>
    21:         </div>
    22:         <div class="mister">MisterCocktail</div>
  
app/views/layouts/application.html.erb:19:in `_app_views_layouts_application_html_erb__1761840228712467260_70260938876920'
Started GET "/" for ::1 at 2020-02-22 22:52:45 +1100
  [1m[35m (1.8ms)[0m  [1m[34mSELECT "schema_migrations"."version" FROM "schema_migrations" ORDER BY "schema_migrations"."version" ASC[0m
  ↳ /Users/JulietteFerrer0/.rbenv/versions/2.6.5/lib/ruby/gems/2.6.0/gems/activerecord-5.2.4.1/lib/active_record/log_subscriber.rb:98
  
ActiveRecord::PendingMigrationError (

Migrations are pending. To resolve this issue, run:

        bin/rails db:migrate RAILS_ENV=development

):
  
activerecord (5.2.4.1) lib/active_record/migration.rb:579:in `check_pending!'
activerecord (5.2.4.1) lib/active_record/migration.rb:556:in `call'
actionpack (5.2.4.1) lib/action_dispatch/middleware/callbacks.rb:28:in `block in call'
activesupport (5.2.4.1) lib/active_support/callbacks.rb:98:in `run_callbacks'
actionpack (5.2.4.1) lib/action_dispatch/middleware/callbacks.rb:26:in `call'
actionpack (5.2.4.1) lib/action_dispatch/middleware/executor.rb:14:in `call'
actionpack (5.2.4.1) lib/action_dispatch/middleware/debug_exceptions.rb:61:in `call'
web-console (3.7.0) lib/web_console/middleware.rb:135:in `call_app'
web-console (3.7.0) lib/web_console/middleware.rb:30:in `block in call'
web-console (3.7.0) lib/web_console/middleware.rb:20:in `catch'
web-console (3.7.0) lib/web_console/middleware.rb:20:in `call'
actionpack (5.2.4.1) lib/action_dispatch/middleware/show_exceptions.rb:33:in `call'
railties (5.2.4.1) lib/rails/rack/logger.rb:38:in `call_app'
railties (5.2.4.1) lib/rails/rack/logger.rb:26:in `block in call'
activesupport (5.2.4.1) lib/active_support/tagged_logging.rb:71:in `block in tagged'
activesupport (5.2.4.1) lib/active_support/tagged_logging.rb:28:in `tagged'
activesupport (5.2.4.1) lib/active_support/tagged_logging.rb:71:in `tagged'
railties (5.2.4.1) lib/rails/rack/logger.rb:26:in `call'
sprockets-rails (3.2.1) lib/sprockets/rails/quiet_assets.rb:13:in `call'
actionpack (5.2.4.1) lib/action_dispatch/middleware/remote_ip.rb:81:in `call'
actionpack (5.2.4.1) lib/action_dispatch/middleware/request_id.rb:27:in `call'
rack (2.2.2) lib/rack/method_override.rb:24:in `call'
rack (2.2.2) lib/rack/runtime.rb:22:in `call'
activesupport (5.2.4.1) lib/active_support/cache/strategy/local_cache_middleware.rb:29:in `call'
actionpack (5.2.4.1) lib/action_dispatch/middleware/executor.rb:14:in `call'
actionpack (5.2.4.1) lib/action_dispatch/middleware/static.rb:127:in `call'
rack (2.2.2) lib/rack/sendfile.rb:110:in `call'
webpacker (4.2.2) lib/webpacker/dev_server_proxy.rb:23:in `perform_request'
rack-proxy (0.6.5) lib/rack/proxy.rb:57:in `call'
railties (5.2.4.1) lib/rails/engine.rb:524:in `call'
puma (3.12.2) lib/puma/configuration.rb:227:in `call'
puma (3.12.2) lib/puma/server.rb:674:in `handle_request'
puma (3.12.2) lib/puma/server.rb:476:in `process_client'
puma (3.12.2) lib/puma/server.rb:334:in `block in run'
puma (3.12.2) lib/puma/thread_pool.rb:135:in `block in spawn_thread'
  [1m[35m (1.5ms)[0m  [1m[34mSELECT pg_try_advisory_lock(672984542578094145)[0m
  ↳ bin/rails:9
  [1m[35m (0.7ms)[0m  [1m[34mSELECT "schema_migrations"."version" FROM "schema_migrations" ORDER BY "schema_migrations"."version" ASC[0m
  ↳ bin/rails:9
Migrating to CreateActiveStorageTables (20200222115229)
  [1m[35m (0.4ms)[0m  [1m[35mBEGIN[0m
  ↳ bin/rails:9
  [1m[35m (58.5ms)[0m  [1m[35mCREATE TABLE "active_storage_blobs" ("id" bigserial primary key, "key" character varying NOT NULL, "filename" character varying NOT NULL, "content_type" character varying, "metadata" text, "byte_size" bigint NOT NULL, "checksum" character varying NOT NULL, "created_at" timestamp NOT NULL)[0m
  ↳ db/migrate/20200222115229_create_active_storage_tables.active_storage.rb:4
  [1m[35m (1.7ms)[0m  [1m[35mCREATE UNIQUE INDEX  "index_active_storage_blobs_on_key" ON "active_storage_blobs"  ("key")[0m
  ↳ db/migrate/20200222115229_create_active_storage_tables.active_storage.rb:4
  [1m[35m (7.2ms)[0m  [1m[35mCREATE TABLE "active_storage_attachments" ("id" bigserial primary key, "name" character varying NOT NULL, "record_type" character varying NOT NULL, "record_id" bigint NOT NULL, "blob_id" bigint NOT NULL, "created_at" timestamp NOT NULL, CONSTRAINT "fk_rails_c3b3935057"
FOREIGN KEY ("blob_id")
  REFERENCES "active_storage_blobs" ("id")
)[0m
  ↳ db/migrate/20200222115229_create_active_storage_tables.active_storage.rb:16
  [1m[35m (1.0ms)[0m  [1m[35mCREATE  INDEX  "index_active_storage_attachments_on_blob_id" ON "active_storage_attachments"  ("blob_id")[0m
  ↳ db/migrate/20200222115229_create_active_storage_tables.active_storage.rb:16
  [1m[35m (1.4ms)[0m  [1m[35mCREATE UNIQUE INDEX  "index_active_storage_attachments_uniqueness" ON "active_storage_attachments"  ("record_type", "record_id", "name", "blob_id")[0m
  ↳ db/migrate/20200222115229_create_active_storage_tables.active_storage.rb:16
  [1m[36mActiveRecord::SchemaMigration Create (1.4ms)[0m  [1m[32mINSERT INTO "schema_migrations" ("version") VALUES ($1) RETURNING "version"[0m  [["version", "20200222115229"]]
  ↳ bin/rails:9
  [1m[35m (41.9ms)[0m  [1m[35mCOMMIT[0m
  ↳ bin/rails:9
  [1m[36mActiveRecord::InternalMetadata Load (0.9ms)[0m  [1m[34mSELECT  "ar_internal_metadata".* FROM "ar_internal_metadata" WHERE "ar_internal_metadata"."key" = $1 LIMIT $2[0m  [["key", "environment"], ["LIMIT", 1]]
  ↳ bin/rails:9
  [1m[35m (0.1ms)[0m  [1m[35mBEGIN[0m
  ↳ bin/rails:9
  [1m[35m (0.2ms)[0m  [1m[35mCOMMIT[0m
  ↳ bin/rails:9
  [1m[35m (0.4ms)[0m  [1m[34mSELECT pg_advisory_unlock(672984542578094145)[0m
  ↳ bin/rails:9
  [1m[35m (0.3ms)[0m  [1m[34mSELECT "schema_migrations"."version" FROM "schema_migrations" ORDER BY "schema_migrations"."version" ASC[0m
  ↳ bin/rails:9
Started GET "/" for ::1 at 2020-02-22 22:53:02 +1100
  [1m[35m (0.3ms)[0m  [1m[34mSELECT "schema_migrations"."version" FROM "schema_migrations" ORDER BY "schema_migrations"."version" ASC[0m
  ↳ /Users/JulietteFerrer0/.rbenv/versions/2.6.5/lib/ruby/gems/2.6.0/gems/activerecord-5.2.4.1/lib/active_record/log_subscriber.rb:98
Processing by CocktailsController#index as HTML
  Rendering cocktails/index.html.erb within layouts/application
  [1m[36mCocktail Load (0.3ms)[0m  [1m[34mSELECT "cocktails".* FROM "cocktails"[0m
  ↳ app/views/cocktails/index.html.erb:10
  Rendered cocktails/index.html.erb within layouts/application (15.1ms)
Completed 500 Internal Server Error in 61ms (ActiveRecord: 6.7ms)


  
ActionView::Template::Error (Must supply cloud_name in tag or in configuration):
    16:   <body>
    17:       <div class="nav-bar fixed-top nav-bar-white">
    18:         <div class="home nav-bar-left">
    19:           <div class="logo" style="background-image: url('<%= cl_image_path("beverage_lz4avk") %>')"></div>
    20:           <%= link_to 'Home', root_path %>
    21:         </div>
    22:         <div class="mister">MisterCocktail</div>
  
app/views/layouts/application.html.erb:19:in `_app_views_layouts_application_html_erb__1761840228712467260_70260928006220'
Started GET "/" for ::1 at 2020-02-22 22:53:37 +1100
Processing by CocktailsController#index as HTML
  Rendering cocktails/index.html.erb within layouts/application
  [1m[36mCocktail Load (0.4ms)[0m  [1m[34mSELECT "cocktails".* FROM "cocktails"[0m
  ↳ app/views/cocktails/index.html.erb:10
  Rendered cocktails/index.html.erb within layouts/application (4.4ms)
Completed 500 Internal Server Error in 64ms (ActiveRecord: 0.4ms)


  
ActionView::Template::Error (Must supply cloud_name in tag or in configuration):
    16:   <body>
    17:       <div class="nav-bar fixed-top nav-bar-white">
    18:         <div class="home nav-bar-left">
    19:           <div class="logo" style="background-image: url('<%= cl_image_path("beverage_lz4avk") %>')"></div>
    20:           <%= link_to 'Home', root_path %>
    21:         </div>
    22:         <div class="mister">MisterCocktail</div>
  
app/views/layouts/application.html.erb:19:in `_app_views_layouts_application_html_erb__1761840228712467260_70260894850660'
Started GET "/" for ::1 at 2020-02-22 22:53:41 +1100
Processing by CocktailsController#index as HTML
  Rendering cocktails/index.html.erb within layouts/application
  [1m[36mCocktail Load (1.1ms)[0m  [1m[34mSELECT "cocktails".* FROM "cocktails"[0m
  ↳ app/views/cocktails/index.html.erb:10
  Rendered cocktails/index.html.erb within layouts/application (2.9ms)
Completed 500 Internal Server Error in 63ms (ActiveRecord: 1.1ms)


  
ActionView::Template::Error (Must supply cloud_name in tag or in configuration):
    16:   <body>
    17:       <div class="nav-bar fixed-top nav-bar-white">
    18:         <div class="home nav-bar-left">
    19:           <div class="logo" style="background-image: url('<%= cl_image_path("beverage_lz4avk") %>')"></div>
    20:           <%= link_to 'Home', root_path %>
    21:         </div>
    22:         <div class="mister">MisterCocktail</div>
  
app/views/layouts/application.html.erb:19:in `_app_views_layouts_application_html_erb__1761840228712467260_70260917891360'
Started GET "/" for ::1 at 2020-02-22 22:54:11 +1100
Processing by CocktailsController#index as HTML
  Rendering cocktails/index.html.erb within layouts/application
  [1m[36mCocktail Load (2.8ms)[0m  [1m[34mSELECT "cocktails".* FROM "cocktails"[0m
  ↳ app/views/cocktails/index.html.erb:10
  Rendered cocktails/index.html.erb within layouts/application (5.9ms)
Completed 500 Internal Server Error in 63ms (ActiveRecord: 2.8ms)


  
ActionView::Template::Error (Must supply cloud_name in tag or in configuration):
    16:   <body>
    17:       <div class="nav-bar fixed-top nav-bar-white">
    18:         <div class="home nav-bar-left">
    19:           <div class="logo" style="background-image: url('<%= cl_image_path("beverage_lz4avk") %>')"></div>
    20:           <%= link_to 'Home', root_path %>
    21:         </div>
    22:         <div class="mister">MisterCocktail</div>
  
app/views/layouts/application.html.erb:19:in `_app_views_layouts_application_html_erb__1761840228712467260_70260920830280'
Started GET "/" for ::1 at 2020-02-22 22:54:14 +1100
Processing by CocktailsController#index as HTML
  Rendering cocktails/index.html.erb within layouts/application
  [1m[36mCocktail Load (0.3ms)[0m  [1m[34mSELECT "cocktails".* FROM "cocktails"[0m
  ↳ app/views/cocktails/index.html.erb:10
  Rendered cocktails/index.html.erb within layouts/application (2.5ms)
Completed 500 Internal Server Error in 110ms (ActiveRecord: 0.3ms)


  
ActionView::Template::Error (Must supply cloud_name in tag or in configuration):
    16:   <body>
    17:       <div class="nav-bar fixed-top nav-bar-white">
    18:         <div class="home nav-bar-left">
    19:           <div class="logo" style="background-image: url('<%= cl_image_path("beverage_lz4avk") %>')"></div>
    20:           <%= link_to 'Home', root_path %>
    21:         </div>
    22:         <div class="mister">MisterCocktail</div>
  
app/views/layouts/application.html.erb:19:in `_app_views_layouts_application_html_erb__1761840228712467260_70260874056060'
Started GET "/" for ::1 at 2020-02-22 22:54:46 +1100
  [1m[35m (0.6ms)[0m  [1m[34mSELECT "schema_migrations"."version" FROM "schema_migrations" ORDER BY "schema_migrations"."version" ASC[0m
  ↳ /Users/JulietteFerrer0/.rbenv/versions/2.6.5/lib/ruby/gems/2.6.0/gems/activerecord-5.2.4.1/lib/active_record/log_subscriber.rb:98
Processing by CocktailsController#index as HTML
  Rendering cocktails/index.html.erb within layouts/application
  [1m[36mCocktail Load (0.6ms)[0m  [1m[34mSELECT "cocktails".* FROM "cocktails"[0m
  ↳ app/views/cocktails/index.html.erb:10
  Rendered cocktails/index.html.erb within layouts/application (13.8ms)
[Webpacker] Compiling...
[Webpacker] Compiled all packs in /Users/JulietteFerrer0/code/JulietteF2/rails-mister-cocktail-url/public/packs
[Webpacker] Hash: 775fea53f8f042a222f2
Version: webpack 4.41.6
Time: 7747ms
Built at: 02/22/2020 10:55:02 PM
                                     Asset       Size       Chunks                         Chunk Names
    js/application-79b01e0a0c35325b7961.js    531 KiB  application  [emitted] [immutable]  application
js/application-79b01e0a0c35325b7961.js.map    627 KiB  application  [emitted] [dev]        application
                             manifest.json  364 bytes               [emitted]              
Entrypoint application = js/application-79b01e0a0c35325b7961.js js/application-79b01e0a0c35325b7961.js.map
[./app/javascript/packs/application.js] 997 bytes {application} [built]
[./node_modules/webpack/buildin/global.js] (webpack)/buildin/global.js 905 bytes {application} [built]
[./node_modules/webpack/buildin/module.js] (webpack)/buildin/module.js 552 bytes {application} [built]
    + 4 hidden modules

Completed 200 OK in 15901ms (Views: 15880.5ms | ActiveRecord: 4.6ms)


Started GET "/cocktails/12" for ::1 at 2020-02-22 22:55:14 +1100
Processing by CocktailsController#show as HTML
  Parameters: {"id"=>"12"}
  [1m[36mCocktail Load (0.3ms)[0m  [1m[34mSELECT  "cocktails".* FROM "cocktails" WHERE "cocktails"."id" = $1 LIMIT $2[0m  [["id", 12], ["LIMIT", 1]]
  ↳ app/controllers/cocktails_controller.rb:7
  Rendering cocktails/show.html.erb within layouts/application
  [1m[36mDose Load (1.7ms)[0m  [1m[34mSELECT "doses".* FROM "doses" WHERE "doses"."cocktail_id" = $1[0m  [["cocktail_id", 12]]
  ↳ app/views/cocktails/show.html.erb:8
  Rendered cocktails/show.html.erb within layouts/application (4.0ms)
[Webpacker] Everything's up-to-date. Nothing to do
Completed 200 OK in 440ms (Views: 98.5ms | ActiveRecord: 3.5ms)


Started GET "/cocktails/12/doses/new" for ::1 at 2020-02-22 22:55:18 +1100
Processing by DosesController#new as HTML
  Parameters: {"cocktail_id"=>"12"}
  [1m[36mCocktail Load (0.3ms)[0m  [1m[34mSELECT  "cocktails".* FROM "cocktails" WHERE "cocktails"."id" = $1 LIMIT $2[0m  [["id", 12], ["LIMIT", 1]]
  ↳ app/controllers/doses_controller.rb:4
  Rendering doses/new.html.erb within layouts/application
  [1m[36mIngredient Load (1.3ms)[0m  [1m[34mSELECT "ingredients".* FROM "ingredients"[0m
  ↳ app/views/doses/new.html.erb:8
  Rendered doses/new.html.erb within layouts/application (2495.3ms)
[Webpacker] Everything's up-to-date. Nothing to do
Completed 200 OK in 2597ms (Views: 2542.7ms | ActiveRecord: 5.8ms)


Started POST "/cocktails/12/doses" for ::1 at 2020-02-22 22:55:50 +1100
Processing by DosesController#create as HTML
  Parameters: {"utf8"=>"✓", "authenticity_token"=>"WZQ4gf/pO4/aIB/2Em9cwb2iRcHHV2m3ELCsRQAvWO9pEDlbxLg6cdrR6QENDESnFRDkgDcPHAgBgDz6ejfeHg==", "dose"=>{"description"=>"5 drops", "ingredient_id"=>"26"}, "commit"=>"Create Dose", "cocktail_id"=>"12"}
  [1m[36mCocktail Load (0.3ms)[0m  [1m[34mSELECT  "cocktails".* FROM "cocktails" WHERE "cocktails"."id" = $1 LIMIT $2[0m  [["id", 12], ["LIMIT", 1]]
  ↳ app/controllers/doses_controller.rb:9
  [1m[35m (0.3ms)[0m  [1m[35mBEGIN[0m
  ↳ app/controllers/doses_controller.rb:12
  [1m[36mIngredient Load (0.2ms)[0m  [1m[34mSELECT  "ingredients".* FROM "ingredients" WHERE "ingredients"."id" = $1 LIMIT $2[0m  [["id", 26], ["LIMIT", 1]]
  ↳ app/controllers/doses_controller.rb:12
  [1m[36mDose Exists (0.3ms)[0m  [1m[34mSELECT  1 AS one FROM "doses" WHERE "doses"."cocktail_id" = $1 AND "doses"."ingredient_id" = $2 LIMIT $3[0m  [["cocktail_id", 12], ["ingredient_id", 26], ["LIMIT", 1]]
  ↳ app/controllers/doses_controller.rb:12
  [1m[36mDose Exists (0.3ms)[0m  [1m[34mSELECT  1 AS one FROM "doses" WHERE "doses"."ingredient_id" = $1 AND "doses"."cocktail_id" = $2 LIMIT $3[0m  [["ingredient_id", 26], ["cocktail_id", 12], ["LIMIT", 1]]
  ↳ app/controllers/doses_controller.rb:12
  [1m[36mDose Create (44.2ms)[0m  [1m[32mINSERT INTO "doses" ("description", "cocktail_id", "ingredient_id", "created_at", "updated_at") VALUES ($1, $2, $3, $4, $5) RETURNING "id"[0m  [["description", "5 drops"], ["cocktail_id", 12], ["ingredient_id", 26], ["created_at", "2020-02-22 11:55:50.878851"], ["updated_at", "2020-02-22 11:55:50.878851"]]
  ↳ app/controllers/doses_controller.rb:12
  [1m[35m (0.7ms)[0m  [1m[35mCOMMIT[0m
  ↳ app/controllers/doses_controller.rb:12
Redirected to http://localhost:3000/cocktails/12
Completed 302 Found in 279ms (ActiveRecord: 46.3ms)


Started GET "/cocktails/12" for ::1 at 2020-02-22 22:55:50 +1100
Processing by CocktailsController#show as HTML
  Parameters: {"id"=>"12"}
  [1m[36mCocktail Load (0.3ms)[0m  [1m[34mSELECT  "cocktails".* FROM "cocktails" WHERE "cocktails"."id" = $1 LIMIT $2[0m  [["id", 12], ["LIMIT", 1]]
  ↳ app/controllers/cocktails_controller.rb:7
  Rendering cocktails/show.html.erb within layouts/application
  [1m[36mDose Load (0.5ms)[0m  [1m[34mSELECT "doses".* FROM "doses" WHERE "doses"."cocktail_id" = $1[0m  [["cocktail_id", 12]]
  ↳ app/views/cocktails/show.html.erb:8
  [1m[36mIngredient Load (0.3ms)[0m  [1m[34mSELECT  "ingredients".* FROM "ingredients" WHERE "ingredients"."id" = $1 LIMIT $2[0m  [["id", 26], ["LIMIT", 1]]
  ↳ app/views/cocktails/show.html.erb:9
  Rendered cocktails/show.html.erb within layouts/application (4.0ms)
[Webpacker] Everything's up-to-date. Nothing to do
Completed 200 OK in 50ms (Views: 46.8ms | ActiveRecord: 1.0ms)


Started GET "/cocktails/12/doses/new" for ::1 at 2020-02-22 22:55:54 +1100
Processing by DosesController#new as HTML
  Parameters: {"cocktail_id"=>"12"}
  [1m[36mCocktail Load (0.3ms)[0m  [1m[34mSELECT  "cocktails".* FROM "cocktails" WHERE "cocktails"."id" = $1 LIMIT $2[0m  [["id", 12], ["LIMIT", 1]]
  ↳ app/controllers/doses_controller.rb:4
  Rendering doses/new.html.erb within layouts/application
  [1m[36mIngredient Load (0.3ms)[0m  [1m[34mSELECT "ingredients".* FROM "ingredients"[0m
  ↳ app/views/doses/new.html.erb:8
  Rendered doses/new.html.erb within layouts/application (13.9ms)
[Webpacker] Everything's up-to-date. Nothing to do
Completed 200 OK in 72ms (Views: 68.9ms | ActiveRecord: 0.7ms)


Started POST "/cocktails/12/doses" for ::1 at 2020-02-22 22:56:15 +1100
Processing by DosesController#create as HTML
  Parameters: {"utf8"=>"✓", "authenticity_token"=>"l+TmSQBsCnCujkK+y5anh1tXfo1yn921De9JbCpeSh6nYOeTOz0Ljq5/tEnU9b/h8+XfzILHqAoc39nTUEbM7w==", "dose"=>{"description"=>"10cl", "ingredient_id"=>"2"}, "commit"=>"Create Dose", "cocktail_id"=>"12"}
  [1m[36mCocktail Load (0.4ms)[0m  [1m[34mSELECT  "cocktails".* FROM "cocktails" WHERE "cocktails"."id" = $1 LIMIT $2[0m  [["id", 12], ["LIMIT", 1]]
  ↳ app/controllers/doses_controller.rb:9
  [1m[35m (10.2ms)[0m  [1m[35mBEGIN[0m
  ↳ app/controllers/doses_controller.rb:12
  [1m[36mIngredient Load (0.8ms)[0m  [1m[34mSELECT  "ingredients".* FROM "ingredients" WHERE "ingredients"."id" = $1 LIMIT $2[0m  [["id", 2], ["LIMIT", 1]]
  ↳ app/controllers/doses_controller.rb:12
  [1m[36mDose Exists (0.8ms)[0m  [1m[34mSELECT  1 AS one FROM "doses" WHERE "doses"."cocktail_id" = $1 AND "doses"."ingredient_id" = $2 LIMIT $3[0m  [["cocktail_id", 12], ["ingredient_id", 2], ["LIMIT", 1]]
  ↳ app/controllers/doses_controller.rb:12
  [1m[36mDose Exists (0.8ms)[0m  [1m[34mSELECT  1 AS one FROM "doses" WHERE "doses"."ingredient_id" = $1 AND "doses"."cocktail_id" = $2 LIMIT $3[0m  [["ingredient_id", 2], ["cocktail_id", 12], ["LIMIT", 1]]
  ↳ app/controllers/doses_controller.rb:12
  [1m[36mDose Create (0.9ms)[0m  [1m[32mINSERT INTO "doses" ("description", "cocktail_id", "ingredient_id", "created_at", "updated_at") VALUES ($1, $2, $3, $4, $5) RETURNING "id"[0m  [["description", "10cl"], ["cocktail_id", 12], ["ingredient_id", 2], ["created_at", "2020-02-22 11:56:15.865639"], ["updated_at", "2020-02-22 11:56:15.865639"]]
  ↳ app/controllers/doses_controller.rb:12
  [1m[35m (0.5ms)[0m  [1m[35mCOMMIT[0m
  ↳ app/controllers/doses_controller.rb:12
Redirected to http://localhost:3000/cocktails/12
Completed 302 Found in 25ms (ActiveRecord: 14.4ms)


Started GET "/cocktails/12" for ::1 at 2020-02-22 22:56:15 +1100
Processing by CocktailsController#show as HTML
  Parameters: {"id"=>"12"}
  [1m[36mCocktail Load (0.2ms)[0m  [1m[34mSELECT  "cocktails".* FROM "cocktails" WHERE "cocktails"."id" = $1 LIMIT $2[0m  [["id", 12], ["LIMIT", 1]]
  ↳ app/controllers/cocktails_controller.rb:7
  Rendering cocktails/show.html.erb within layouts/application
  [1m[36mDose Load (0.3ms)[0m  [1m[34mSELECT "doses".* FROM "doses" WHERE "doses"."cocktail_id" = $1[0m  [["cocktail_id", 12]]
  ↳ app/views/cocktails/show.html.erb:8
  [1m[36mIngredient Load (0.2ms)[0m  [1m[34mSELECT  "ingredients".* FROM "ingredients" WHERE "ingredients"."id" = $1 LIMIT $2[0m  [["id", 26], ["LIMIT", 1]]
  ↳ app/views/cocktails/show.html.erb:9
  [1m[36mIngredient Load (0.3ms)[0m  [1m[34mSELECT  "ingredients".* FROM "ingredients" WHERE "ingredients"."id" = $1 LIMIT $2[0m  [["id", 2], ["LIMIT", 1]]
  ↳ app/views/cocktails/show.html.erb:9
  Rendered cocktails/show.html.erb within layouts/application (5.2ms)
[Webpacker] Everything's up-to-date. Nothing to do
Completed 200 OK in 62ms (Views: 58.4ms | ActiveRecord: 1.0ms)


Started GET "/" for ::1 at 2020-02-22 22:56:18 +1100
Processing by CocktailsController#index as HTML
  Rendering cocktails/index.html.erb within layouts/application
  [1m[36mCocktail Load (1.0ms)[0m  [1m[34mSELECT "cocktails".* FROM "cocktails"[0m
  ↳ app/views/cocktails/index.html.erb:10
  Rendered cocktails/index.html.erb within layouts/application (3.0ms)
[Webpacker] Everything's up-to-date. Nothing to do
Completed 200 OK in 59ms (Views: 56.5ms | ActiveRecord: 1.0ms)


Started GET "/cocktails/new" for ::1 at 2020-02-22 22:56:22 +1100
Processing by CocktailsController#new as HTML
  Rendering cocktails/new.html.erb within layouts/application
  Rendered cocktails/new.html.erb within layouts/application (6.3ms)
[Webpacker] Everything's up-to-date. Nothing to do
Completed 200 OK in 95ms (Views: 50.2ms | ActiveRecord: 0.0ms)


Started GET "/" for ::1 at 2020-02-22 22:56:29 +1100
Processing by CocktailsController#index as HTML
  Rendering cocktails/index.html.erb within layouts/application
  [1m[36mCocktail Load (13.6ms)[0m  [1m[34mSELECT "cocktails".* FROM "cocktails"[0m
  ↳ app/views/cocktails/index.html.erb:10
  Rendered cocktails/index.html.erb within layouts/application (18.4ms)
[Webpacker] Everything's up-to-date. Nothing to do
Completed 200 OK in 88ms (Views: 71.6ms | ActiveRecord: 13.6ms)


Started GET "/cocktails/2" for ::1 at 2020-02-22 22:56:53 +1100
Processing by CocktailsController#show as HTML
  Parameters: {"id"=>"2"}
  [1m[36mCocktail Load (0.9ms)[0m  [1m[34mSELECT  "cocktails".* FROM "cocktails" WHERE "cocktails"."id" = $1 LIMIT $2[0m  [["id", 2], ["LIMIT", 1]]
  ↳ app/controllers/cocktails_controller.rb:7
  Rendering cocktails/show.html.erb within layouts/application
  [1m[36mDose Load (2.3ms)[0m  [1m[34mSELECT "doses".* FROM "doses" WHERE "doses"."cocktail_id" = $1[0m  [["cocktail_id", 2]]
  ↳ app/views/cocktails/show.html.erb:8
  Rendered cocktails/show.html.erb within layouts/application (6.3ms)
[Webpacker] Everything's up-to-date. Nothing to do
Completed 200 OK in 101ms (Views: 94.1ms | ActiveRecord: 3.2ms)


Started GET "/cocktails/2/doses/new" for ::1 at 2020-02-22 22:56:55 +1100
Processing by DosesController#new as HTML
  Parameters: {"cocktail_id"=>"2"}
  [1m[36mCocktail Load (1.0ms)[0m  [1m[34mSELECT  "cocktails".* FROM "cocktails" WHERE "cocktails"."id" = $1 LIMIT $2[0m  [["id", 2], ["LIMIT", 1]]
  ↳ app/controllers/doses_controller.rb:4
  Rendering doses/new.html.erb within layouts/application
  [1m[36mIngredient Load (0.3ms)[0m  [1m[34mSELECT "ingredients".* FROM "ingredients"[0m
  ↳ app/views/doses/new.html.erb:8
  Rendered doses/new.html.erb within layouts/application (10.5ms)
[Webpacker] Everything's up-to-date. Nothing to do
Completed 200 OK in 55ms (Views: 51.0ms | ActiveRecord: 1.3ms)


Started GET "/" for ::1 at 2020-02-22 22:57:05 +1100
Processing by CocktailsController#index as HTML
  Rendering cocktails/index.html.erb within layouts/application
  [1m[36mCocktail Load (7.6ms)[0m  [1m[34mSELECT "cocktails".* FROM "cocktails"[0m
  ↳ app/views/cocktails/index.html.erb:10
  Rendered cocktails/index.html.erb within layouts/application (10.3ms)
[Webpacker] Everything's up-to-date. Nothing to do
Completed 200 OK in 63ms (Views: 49.5ms | ActiveRecord: 7.6ms)


Started GET "/cocktails/10" for ::1 at 2020-02-22 23:15:16 +1100
  [1m[35m (1.0ms)[0m  [1m[34mSELECT "schema_migrations"."version" FROM "schema_migrations" ORDER BY "schema_migrations"."version" ASC[0m
  ↳ /Users/JulietteFerrer0/.rbenv/versions/2.6.5/lib/ruby/gems/2.6.0/gems/activerecord-5.2.4.1/lib/active_record/log_subscriber.rb:98
Processing by CocktailsController#show as HTML
  Parameters: {"id"=>"10"}
  [1m[36mCocktail Load (0.5ms)[0m  [1m[34mSELECT  "cocktails".* FROM "cocktails" WHERE "cocktails"."id" = $1 LIMIT $2[0m  [["id", 10], ["LIMIT", 1]]
  ↳ app/controllers/cocktails_controller.rb:7
  Rendering cocktails/show.html.erb within layouts/application
  [1m[36mDose Load (0.5ms)[0m  [1m[34mSELECT "doses".* FROM "doses" WHERE "doses"."cocktail_id" = $1[0m  [["cocktail_id", 10]]
  ↳ app/views/cocktails/show.html.erb:8
  Rendered cocktails/show.html.erb within layouts/application (4.6ms)
[Webpacker] Everything's up-to-date. Nothing to do
Completed 200 OK in 1770ms (Views: 1727.4ms | ActiveRecord: 7.1ms)


Started GET "/cocktails/10/doses/new" for ::1 at 2020-02-22 23:15:20 +1100
Processing by DosesController#new as HTML
  Parameters: {"cocktail_id"=>"10"}
  [1m[36mCocktail Load (0.9ms)[0m  [1m[34mSELECT  "cocktails".* FROM "cocktails" WHERE "cocktails"."id" = $1 LIMIT $2[0m  [["id", 10], ["LIMIT", 1]]
  ↳ app/controllers/doses_controller.rb:4
  Rendering doses/new.html.erb within layouts/application
  [1m[36mIngredient Load (0.5ms)[0m  [1m[34mSELECT "ingredients".* FROM "ingredients"[0m
  ↳ app/views/doses/new.html.erb:8
  Rendered doses/new.html.erb within layouts/application (471.9ms)
[Webpacker] Everything's up-to-date. Nothing to do
Completed 200 OK in 529ms (Views: 513.0ms | ActiveRecord: 6.4ms)


Started GET "/cocktails/new" for ::1 at 2020-02-22 23:15:22 +1100
Processing by CocktailsController#new as HTML
  Rendering cocktails/new.html.erb within layouts/application
  Rendered cocktails/new.html.erb within layouts/application (11.3ms)
[Webpacker] Everything's up-to-date. Nothing to do
Completed 200 OK in 90ms (Views: 85.9ms | ActiveRecord: 0.0ms)


Started GET "/cocktails/new" for ::1 at 2020-02-22 23:22:50 +1100
Processing by CocktailsController#new as HTML
  Rendering cocktails/new.html.erb within layouts/application
  Rendered cocktails/new.html.erb within layouts/application (0.6ms)
Completed 500 Internal Server Error in 4ms (ActiveRecord: 0.0ms)


  
SyntaxError (/Users/JulietteFerrer0/code/JulietteF2/rails-mister-cocktail-url/app/views/cocktails/new.html.erb:8: syntax error, unexpected '<'
... cocktail, find inspiration #{<a href="https://unsplash.com/...
...                              ^
/Users/JulietteFerrer0/code/JulietteF2/rails-mister-cocktail-url/app/views/cocktails/new.html.erb:12: unknown regexp options - dv
/Users/JulietteFerrer0/code/JulietteF2/rails-mister-cocktail-url/app/views/cocktails/new.html.erb:12: unmatched close parenthesis: /a>.html_safe}" );@output_buffer.safe_append='
      <br>
      '.freeze;@output_buffer.append=( f.submit class: 'btn btn-outline-info light-btn' );@output_buffer.safe_append='
'.freeze;     end 
@output_buffer.safe_append='  </i
/Users/JulietteFerrer0/code/JulietteF2/rails-mister-cocktail-url/app/views/cocktails/new.html.erb:13: syntax error, unexpected '<'
</div>
^
/Users/JulietteFerrer0/code/JulietteF2/rails-mister-cocktail-url/app/views/cocktails/new.html.erb:19: unterminated regexp meets end of file
          end
              ^
/Users/JulietteFerrer0/code/JulietteF2/rails-mister-cocktail-url/app/views/cocktails/new.html.erb:19: syntax error, unexpected end-of-input, expecting tSTRING_DEND):
  
app/views/cocktails/new.html.erb:8: syntax error, unexpected '<'
app/views/cocktails/new.html.erb:12: unknown regexp options - dv
app/views/cocktails/new.html.erb:12: unmatched close parenthesis: /a>.html_safe}" );@output_buffer.safe_append='
app/views/cocktails/new.html.erb:13: syntax error, unexpected '<'
app/views/cocktails/new.html.erb:19: unterminated regexp meets end of file
app/views/cocktails/new.html.erb:19: syntax error, unexpected end-of-input, expecting tSTRING_DEND
Started GET "/cocktails/new" for ::1 at 2020-02-22 23:24:44 +1100
Processing by CocktailsController#new as HTML
  Rendering cocktails/new.html.erb within layouts/application
  Rendered cocktails/new.html.erb within layouts/application (4.6ms)
[Webpacker] Everything's up-to-date. Nothing to do
Completed 200 OK in 65ms (Views: 59.9ms | ActiveRecord: 0.0ms)


Started GET "/cocktails/new" for ::1 at 2020-02-22 23:25:23 +1100
Processing by CocktailsController#new as HTML
  Rendering cocktails/new.html.erb within layouts/application
  Rendered cocktails/new.html.erb within layouts/application (5.1ms)
[Webpacker] Everything's up-to-date. Nothing to do
Completed 200 OK in 110ms (Views: 106.5ms | ActiveRecord: 0.0ms)


Started GET "/cocktails/new" for ::1 at 2020-02-22 23:30:25 +1100
Processing by CocktailsController#new as HTML
  Rendering cocktails/new.html.erb within layouts/application
  Rendered cocktails/new.html.erb within layouts/application (7.3ms)
[Webpacker] Everything's up-to-date. Nothing to do
Completed 200 OK in 59ms (Views: 57.3ms | ActiveRecord: 0.0ms)


Started GET "/" for ::1 at 2020-02-22 23:30:27 +1100
Processing by CocktailsController#index as HTML
  Rendering cocktails/index.html.erb within layouts/application
  [1m[36mCocktail Load (0.8ms)[0m  [1m[34mSELECT "cocktails".* FROM "cocktails"[0m
  ↳ app/views/cocktails/index.html.erb:10
  Rendered cocktails/index.html.erb within layouts/application (3.7ms)
[Webpacker] Everything's up-to-date. Nothing to do
Completed 200 OK in 58ms (Views: 53.6ms | ActiveRecord: 0.8ms)


Started GET "/" for ::1 at 2020-02-22 23:39:12 +1100
Processing by CocktailsController#index as HTML
  Rendering cocktails/index.html.erb within layouts/application
  [1m[36mCocktail Load (0.7ms)[0m  [1m[34mSELECT "cocktails".* FROM "cocktails"[0m
  ↳ app/views/cocktails/index.html.erb:10
  Rendered cocktails/index.html.erb within layouts/application (3.4ms)
[Webpacker] Everything's up-to-date. Nothing to do
Completed 200 OK in 47ms (Views: 44.7ms | ActiveRecord: 0.7ms)


Started GET "/" for ::1 at 2020-02-23 23:00:34 +1100
  [1m[35m (1.7ms)[0m  [1m[34mSELECT "schema_migrations"."version" FROM "schema_migrations" ORDER BY "schema_migrations"."version" ASC[0m
  ↳ /Users/JulietteFerrer0/.rbenv/versions/2.6.5/lib/ruby/gems/2.6.0/gems/activerecord-5.2.4.1/lib/active_record/log_subscriber.rb:98
Processing by CocktailsController#index as HTML
  Rendering cocktails/index.html.erb within layouts/application
  [1m[36mCocktail Load (1.6ms)[0m  [1m[34mSELECT "cocktails".* FROM "cocktails"[0m
  ↳ app/views/cocktails/index.html.erb:10
  Rendered cocktails/index.html.erb within layouts/application (18.9ms)
[Webpacker] Everything's up-to-date. Nothing to do
Completed 200 OK in 2047ms (Views: 2018.7ms | ActiveRecord: 7.6ms)


Started GET "/cocktails/12" for ::1 at 2020-02-23 23:00:41 +1100
Processing by CocktailsController#show as HTML
  Parameters: {"id"=>"12"}
  [1m[36mCocktail Load (0.5ms)[0m  [1m[34mSELECT  "cocktails".* FROM "cocktails" WHERE "cocktails"."id" = $1 LIMIT $2[0m  [["id", 12], ["LIMIT", 1]]
  ↳ app/controllers/cocktails_controller.rb:7
  Rendering cocktails/show.html.erb within layouts/application
  [1m[36mDose Load (41.4ms)[0m  [1m[34mSELECT "doses".* FROM "doses" WHERE "doses"."cocktail_id" = $1[0m  [["cocktail_id", 12]]
  ↳ app/views/cocktails/show.html.erb:8
  [1m[36mIngredient Load (1.4ms)[0m  [1m[34mSELECT  "ingredients".* FROM "ingredients" WHERE "ingredients"."id" = $1 LIMIT $2[0m  [["id", 26], ["LIMIT", 1]]
  ↳ app/views/cocktails/show.html.erb:9
  [1m[36mIngredient Load (0.3ms)[0m  [1m[34mSELECT  "ingredients".* FROM "ingredients" WHERE "ingredients"."id" = $1 LIMIT $2[0m  [["id", 2], ["LIMIT", 1]]
  ↳ app/views/cocktails/show.html.erb:9
  Rendered cocktails/show.html.erb within layouts/application (85.4ms)
[Webpacker] Everything's up-to-date. Nothing to do
Completed 200 OK in 332ms (Views: 98.6ms | ActiveRecord: 53.3ms)


Started GET "/cocktails/12/doses/new" for ::1 at 2020-02-23 23:00:45 +1100
Processing by DosesController#new as HTML
  Parameters: {"cocktail_id"=>"12"}
  [1m[36mCocktail Load (0.3ms)[0m  [1m[34mSELECT  "cocktails".* FROM "cocktails" WHERE "cocktails"."id" = $1 LIMIT $2[0m  [["id", 12], ["LIMIT", 1]]
  ↳ app/controllers/doses_controller.rb:4
  Rendering doses/new.html.erb within layouts/application
  Rendered doses/new.html.erb within layouts/application (0.8ms)
Completed 500 Internal Server Error in 6ms (ActiveRecord: 0.3ms)


  
SyntaxError (/Users/JulietteFerrer0/code/JulietteF2/rails-mister-cocktail-url/app/views/doses/new.html.erb:7: syntax error, unexpected tIDENTIFIER, expecting ')'
..., label: 'Quantity' placeholder: '10cl, two drops...' );@out...
...                    ^~~~~~~~~~~):
  
app/views/doses/new.html.erb:7: syntax error, unexpected tIDENTIFIER, expecting ')'
Started GET "/cocktails/12/doses/new" for ::1 at 2020-02-23 23:00:56 +1100
Processing by DosesController#new as HTML
  Parameters: {"cocktail_id"=>"12"}
  [1m[36mCocktail Load (1.0ms)[0m  [1m[34mSELECT  "cocktails".* FROM "cocktails" WHERE "cocktails"."id" = $1 LIMIT $2[0m  [["id", 12], ["LIMIT", 1]]
  ↳ app/controllers/doses_controller.rb:4
  Rendering doses/new.html.erb within layouts/application
  [1m[36mIngredient Load (0.4ms)[0m  [1m[34mSELECT "ingredients".* FROM "ingredients"[0m
  ↳ app/views/doses/new.html.erb:8
  Rendered doses/new.html.erb within layouts/application (1552.4ms)
[Webpacker] Everything's up-to-date. Nothing to do
Completed 200 OK in 1717ms (Views: 1710.2ms | ActiveRecord: 1.4ms)


